1970-01-01T00:33:42+00:00	docker.log	{"log":"writing file\n","stream":"stdout","host_param":"c139c4a70a31"}
1970-01-01T00:33:42+00:00	docker.log	{"log":"writing file\n","stream":"stdout","host_param":"c139c4a70a31"}
1970-01-01T00:33:42+00:00	docker.log	{"log":"writing file\n","stream":"stdout","host_param":"c139c4a70a31"}
1970-01-01T00:33:42+00:00	docker.log	{"log":"writing file\n","stream":"stdout","host_param":"c139c4a70a31"}
1970-01-01T00:33:42+00:00	docker.log	{"log":"writing file\n","stream":"stdout","host_param":"c139c4a70a31"}
1970-01-01T00:33:42+00:00	docker.log	{"log":"writing file\n","stream":"stdout","host_param":"c139c4a70a31"}
1970-01-01T00:33:42+00:00	docker.log	{"log":"writing file\n","stream":"stdout","host_param":"c139c4a70a31"}
1970-01-01T00:33:42+00:00	docker.log	{"log":"writing file\n","stream":"stdout","host_param":"c139c4a70a31"}
1970-01-01T00:33:42+00:00	docker.log	{"log":"writing file\n","stream":"stdout","host_param":"c139c4a70a31"}
1970-01-01T00:33:42+00:00	docker.log	{"log":"writing file\n","stream":"stdout","host_param":"c139c4a70a31"}
1970-01-01T00:33:42+00:00	docker.log	{"log":"writing file\n","stream":"stdout","host_param":"c139c4a70a31"}
1970-01-01T00:33:42+00:00	docker.log	{"log":"writing file\n","stream":"stdout","host_param":"c139c4a70a31"}
1970-01-01T00:33:42+00:00	docker.log	{"log":"writing file\n","stream":"stdout","host_param":"c139c4a70a31"}
1970-01-01T00:33:42+00:00	docker.log	{"log":"writing file\n","stream":"stdout","host_param":"c139c4a70a31"}
1970-01-01T00:33:42+00:00	docker.log	{"log":"writing file\n","stream":"stdout","host_param":"c139c4a70a31"}
1970-01-01T00:33:42+00:00	docker.log	{"log":"writing file\n","stream":"stdout","host_param":"c139c4a70a31"}
1970-01-01T00:33:42+00:00	docker.log	{"log":"writing file\n","stream":"stdout","host_param":"c139c4a70a31"}
1970-01-01T00:33:42+00:00	docker.log	{"log":"writing file\n","stream":"stdout","host_param":"c139c4a70a31"}
1970-01-01T00:33:42+00:00	docker.log	{"log":"writing file\n","stream":"stdout","host_param":"c139c4a70a31"}
1970-01-01T00:33:42+00:00	docker.log	{"log":"writing file\n","stream":"stdout","host_param":"c139c4a70a31"}
1970-01-01T00:33:42+00:00	docker.log	{"log":"writing file\n","stream":"stdout","host_param":"c139c4a70a31"}
1970-01-01T00:33:42+00:00	docker.log	{"log":"writing file\n","stream":"stdout","host_param":"c139c4a70a31"}
1970-01-01T00:33:42+00:00	docker.log	{"log":"writing file\n","stream":"stdout","host_param":"c139c4a70a31"}
1970-01-01T00:33:42+00:00	docker.log	{"log":"writing file\n","stream":"stdout","host_param":"c139c4a70a31"}
1970-01-01T00:33:42+00:00	docker.log	{"log":"writing file\n","stream":"stdout","host_param":"c139c4a70a31"}
1970-01-01T00:33:42+00:00	docker.log	{"log":"writing file\n","stream":"stdout","host_param":"c139c4a70a31"}
1970-01-01T00:33:42+00:00	docker.log	{"log":"writing file\n","stream":"stdout","host_param":"c139c4a70a31"}
1970-01-01T00:33:42+00:00	docker.log	{"log":"writing file\n","stream":"stdout","host_param":"c139c4a70a31"}
1970-01-01T00:33:42+00:00	docker.log	{"log":"writing file\n","stream":"stdout","host_param":"c139c4a70a31"}
1970-01-01T00:33:42+00:00	docker.log	{"log":"writing file\n","stream":"stdout","host_param":"c139c4a70a31"}
1970-01-01T00:33:42+00:00	docker.log	{"log":"writing file\n","stream":"stdout","host_param":"c139c4a70a31"}
1970-01-01T00:33:42+00:00	docker.log	{"log":"writing file\n","stream":"stdout","host_param":"c139c4a70a31"}
1970-01-01T00:33:42+00:00	docker.log	{"log":"writing file\n","stream":"stdout","host_param":"c139c4a70a31"}
1970-01-01T00:33:42+00:00	docker.log	{"log":"writing file\n","stream":"stdout","host_param":"c139c4a70a31"}
1970-01-01T00:33:42+00:00	docker.log	{"log":"writing file\n","stream":"stdout","host_param":"c139c4a70a31"}
1970-01-01T00:33:42+00:00	docker.log	{"log":"writing file\n","stream":"stdout","host_param":"c139c4a70a31"}
1970-01-01T00:33:42+00:00	docker.log	{"log":"writing file\n","stream":"stdout","host_param":"c139c4a70a31"}
1970-01-01T00:33:42+00:00	docker.log	{"log":"writing file\n","stream":"stdout","host_param":"c139c4a70a31"}
1970-01-01T00:33:42+00:00	docker.log	{"log":"writing file\n","stream":"stdout","host_param":"c139c4a70a31"}
1970-01-01T00:33:42+00:00	docker.log	{"log":"writing file\n","stream":"stdout","host_param":"c139c4a70a31"}
1970-01-01T00:33:42+00:00	docker.log	{"log":"writing file\n","stream":"stdout","host_param":"c139c4a70a31"}
1970-01-01T00:33:42+00:00	docker.log	{"log":"Sending logs to FluentD\n","stream":"stdout","host_param":"c139c4a70a31"}
1970-01-01T00:33:42+00:00	docker.log	{"log":"  % Total    % Received % Xferd  Average Speed   Time    Time     Time  Current\n","stream":"stderr","host_param":"c139c4a70a31"}
1970-01-01T00:33:42+00:00	docker.log	{"log":"                                 Dload  Upload   Total   Spent    Left  Speed\n","stream":"stderr","host_param":"c139c4a70a31"}
1970-01-01T00:33:42+00:00	docker.log	{"log":"\r  0     0    0     0    0     0      0      0 --:--:-- --:--:-- --:--:--     0curl: (6) Could not resolve host: fluentd\n","stream":"stderr","host_param":"c139c4a70a31"}
1970-01-01T00:33:42+00:00	docker.log	{"log":"Sending logs to FluentD\n","stream":"stdout","host_param":"c139c4a70a31"}
1970-01-01T00:33:42+00:00	docker.log	{"log":"  % Total    % Received % Xferd  Average Speed   Time    Time     Time  Current\n","stream":"stderr","host_param":"c139c4a70a31"}
1970-01-01T00:33:42+00:00	docker.log	{"log":"                                 Dload  Upload   Total   Spent    Left  Speed\n","stream":"stderr","host_param":"c139c4a70a31"}
1970-01-01T00:33:42+00:00	docker.log	{"log":"\r  0     0    0     0    0     0      0      0 --:--:-- --:--:-- --:--:--     0curl: (6) Could not resolve host: fluentd\n","stream":"stderr","host_param":"c139c4a70a31"}
1970-01-01T00:33:42+00:00	docker.log	{"log":"  % Total    % Received % Xferd  Average Speed   Time    Time     Time  Current\n","stream":"stderr","host_param":"c139c4a70a31"}
1970-01-01T00:33:42+00:00	docker.log	{"log":"                                 Dload  Upload   Total   Spent    Left  Speed\n","stream":"stderr","host_param":"c139c4a70a31"}
1970-01-01T00:33:42+00:00	docker.log	{"log":"Sending logs to FluentD\n","stream":"stdout","host_param":"c139c4a70a31"}
1970-01-01T00:33:42+00:00	docker.log	{"log":"\r  0     0    0     0    0     0      0      0 --:--:-- --:--:-- --:--:--     0curl: (6) Could not resolve host: fluentd\n","stream":"stderr","host_param":"c139c4a70a31"}
1970-01-01T00:33:42+00:00	docker.log	{"log":"Sending logs to FluentD\n","stream":"stdout","host_param":"c139c4a70a31"}
1970-01-01T00:33:42+00:00	docker.log	{"log":"  % Total    % Received % Xferd  Average Speed   Time    Time     Time  Current\n","stream":"stderr","host_param":"c139c4a70a31"}
1970-01-01T00:33:42+00:00	docker.log	{"log":"                                 Dload  Upload   Total   Spent    Left  Speed\n","stream":"stderr","host_param":"c139c4a70a31"}
1970-01-01T00:33:42+00:00	docker.log	{"log":"\r  0     0    0     0    0     0      0      0 --:--:-- --:--:-- --:--:--     0curl: (6) Could not resolve host: fluentd\n","stream":"stderr","host_param":"c139c4a70a31"}
1970-01-01T00:33:42+00:00	docker.log	{"log":"Sending logs to FluentD\n","stream":"stdout","host_param":"c139c4a70a31"}
1970-01-01T00:33:42+00:00	docker.log	{"log":"  % Total    % Received % Xferd  Average Speed   Time    Time     Time  Current\n","stream":"stderr","host_param":"c139c4a70a31"}
1970-01-01T00:33:42+00:00	docker.log	{"log":"                                 Dload  Upload   Total   Spent    Left  Speed\n","stream":"stderr","host_param":"c139c4a70a31"}
1970-01-01T00:33:42+00:00	docker.log	{"log":"\r  0     0    0     0    0     0      0      0 --:--:-- --:--:-- --:--:--     0curl: (6) Could not resolve host: fluentd\n","stream":"stderr","host_param":"c139c4a70a31"}
1970-01-01T00:33:42+00:00	docker.log	{"log":"Sending logs to FluentD\n","stream":"stdout","host_param":"c139c4a70a31"}
1970-01-01T00:33:42+00:00	docker.log	{"log":"  % Total    % Received % Xferd  Average Speed   Time    Time     Time  Current\n","stream":"stderr","host_param":"c139c4a70a31"}
1970-01-01T00:33:42+00:00	docker.log	{"log":"                                 Dload  Upload   Total   Spent    Left  Speed\n","stream":"stderr","host_param":"c139c4a70a31"}
1970-01-01T00:33:42+00:00	docker.log	{"log":"\r  0     0    0     0    0     0      0      0 --:--:-- --:--:-- --:--:--     0curl: (6) Could not resolve host: fluentd\n","stream":"stderr","host_param":"c139c4a70a31"}
1970-01-01T00:33:42+00:00	docker.log	{"log":"Sending logs to FluentD\n","stream":"stdout","host_param":"c139c4a70a31"}
1970-01-01T00:33:42+00:00	docker.log	{"log":"  % Total    % Received % Xferd  Average Speed   Time    Time     Time  Current\n","stream":"stderr","host_param":"c139c4a70a31"}
1970-01-01T00:33:42+00:00	docker.log	{"log":"                                 Dload  Upload   Total   Spent    Left  Speed\n","stream":"stderr","host_param":"c139c4a70a31"}
1970-01-01T00:33:42+00:00	docker.log	{"log":"\r  0     0    0     0    0     0      0      0 --:--:-- --:--:-- --:--:--     0curl: (6) Could not resolve host: fluentd\n","stream":"stderr","host_param":"c139c4a70a31"}
1970-01-01T00:33:42+00:00	docker.log	{"log":"Sending logs to FluentD\n","stream":"stdout","host_param":"c139c4a70a31"}
1970-01-01T00:33:42+00:00	docker.log	{"log":"  % Total    % Received % Xferd  Average Speed   Time    Time     Time  Current\n","stream":"stderr","host_param":"c139c4a70a31"}
1970-01-01T00:33:42+00:00	docker.log	{"log":"                                 Dload  Upload   Total   Spent    Left  Speed\n","stream":"stderr","host_param":"c139c4a70a31"}
1970-01-01T00:33:42+00:00	docker.log	{"log":"\r  0     0    0     0    0     0      0      0 --:--:-- --:--:-- --:--:--     0curl: (6) Could not resolve host: fluentd\n","stream":"stderr","host_param":"c139c4a70a31"}
1970-01-01T00:33:42+00:00	docker.log	{"log":"Sending logs to FluentD\n","stream":"stdout","host_param":"c139c4a70a31"}
1970-01-01T00:33:42+00:00	docker.log	{"log":"  % Total    % Received % Xferd  Average Speed   Time    Time     Time  Current\n","stream":"stderr","host_param":"c139c4a70a31"}
1970-01-01T00:33:42+00:00	docker.log	{"log":"                                 Dload  Upload   Total   Spent    Left  Speed\n","stream":"stderr","host_param":"c139c4a70a31"}
1970-01-01T00:33:42+00:00	docker.log	{"log":"\r  0     0    0     0    0     0      0      0 --:--:-- --:--:-- --:--:--     0curl: (6) Could not resolve host: fluentd\n","stream":"stderr","host_param":"c139c4a70a31"}
1970-01-01T00:33:42+00:00	docker.log	{"log":"Sending logs to FluentD\n","stream":"stdout","host_param":"c139c4a70a31"}
1970-01-01T00:33:42+00:00	docker.log	{"log":"  % Total    % Received % Xferd  Average Speed   Time    Time     Time  Current\n","stream":"stderr","host_param":"c139c4a70a31"}
1970-01-01T00:33:42+00:00	docker.log	{"log":"                                 Dload  Upload   Total   Spent    Left  Speed\n","stream":"stderr","host_param":"c139c4a70a31"}
1970-01-01T00:33:42+00:00	docker.log	{"log":"\r  0     0    0     0    0     0      0      0 --:--:-- --:--:-- --:--:--     0curl: (6) Could not resolve host: fluentd\n","stream":"stderr","host_param":"c139c4a70a31"}
1970-01-01T00:33:42+00:00	docker.log	{"log":"Sending logs to FluentD\n","stream":"stdout","host_param":"c139c4a70a31"}
1970-01-01T00:33:42+00:00	docker.log	{"log":"  % Total    % Received % Xferd  Average Speed   Time    Time     Time  Current\n","stream":"stderr","host_param":"c139c4a70a31"}
1970-01-01T00:33:42+00:00	docker.log	{"log":"                                 Dload  Upload   Total   Spent    Left  Speed\n","stream":"stderr","host_param":"c139c4a70a31"}
1970-01-01T00:33:42+00:00	docker.log	{"log":"\r  0     0    0     0    0     0      0      0 --:--:-- --:--:-- --:--:--     0curl: (6) Could not resolve host: fluentd\n","stream":"stderr","host_param":"c139c4a70a31"}
1970-01-01T00:33:42+00:00	docker.log	{"log":"Sending logs to FluentD\n","stream":"stdout","host_param":"c139c4a70a31"}
1970-01-01T00:33:42+00:00	docker.log	{"log":"  % Total    % Received % Xferd  Average Speed   Time    Time     Time  Current\n","stream":"stderr","host_param":"c139c4a70a31"}
1970-01-01T00:33:42+00:00	docker.log	{"log":"                                 Dload  Upload   Total   Spent    Left  Speed\n","stream":"stderr","host_param":"c139c4a70a31"}
1970-01-01T00:33:42+00:00	docker.log	{"log":"\r  0     0    0     0    0     0      0      0 --:--:-- --:--:-- --:--:--     0curl: (6) Could not resolve host: fluentd\n","stream":"stderr","host_param":"c139c4a70a31"}
1970-01-01T00:33:42+00:00	docker.log	{"log":"Sending logs to FluentD\n","stream":"stdout","host_param":"c139c4a70a31"}
1970-01-01T00:33:42+00:00	docker.log	{"log":"  % Total    % Received % Xferd  Average Speed   Time    Time     Time  Current\n","stream":"stderr","host_param":"c139c4a70a31"}
1970-01-01T00:33:42+00:00	docker.log	{"log":"                                 Dload  Upload   Total   Spent    Left  Speed\n","stream":"stderr","host_param":"c139c4a70a31"}
1970-01-01T00:33:42+00:00	docker.log	{"log":"\r  0     0    0     0    0     0      0      0 --:--:-- --:--:-- --:--:--     0curl: (6) Could not resolve host: fluentd\n","stream":"stderr","host_param":"c139c4a70a31"}
1970-01-01T00:33:42+00:00	docker.log	{"log":"Sending logs to FluentD\n","stream":"stdout","host_param":"c139c4a70a31"}
1970-01-01T00:33:42+00:00	docker.log	{"log":"  % Total    % Received % Xferd  Average Speed   Time    Time     Time  Current\n","stream":"stderr","host_param":"c139c4a70a31"}
1970-01-01T00:33:42+00:00	docker.log	{"log":"                                 Dload  Upload   Total   Spent    Left  Speed\n","stream":"stderr","host_param":"c139c4a70a31"}
1970-01-01T00:33:42+00:00	docker.log	{"log":"\r  0     0    0     0    0     0      0      0 --:--:-- --:--:-- --:--:--     0curl: (6) Could not resolve host: fluentd\n","stream":"stderr","host_param":"c139c4a70a31"}
1970-01-01T00:33:42+00:00	docker.log	{"log":"Sending logs to FluentD\n","stream":"stdout","host_param":"c139c4a70a31"}
1970-01-01T00:33:42+00:00	docker.log	{"log":"  % Total    % Received % Xferd  Average Speed   Time    Time     Time  Current\n","stream":"stderr","host_param":"c139c4a70a31"}
1970-01-01T00:33:42+00:00	docker.log	{"log":"                                 Dload  Upload   Total   Spent    Left  Speed\n","stream":"stderr","host_param":"c139c4a70a31"}
1970-01-01T00:33:42+00:00	docker.log	{"log":"\r  0     0    0     0    0     0      0      0 --:--:-- --:--:-- --:--:--     0curl: (6) Could not resolve host: fluentd\n","stream":"stderr","host_param":"c139c4a70a31"}
1970-01-01T00:33:42+00:00	docker.log	{"log":"Sending logs to FluentD\n","stream":"stdout","host_param":"c139c4a70a31"}
1970-01-01T00:33:42+00:00	docker.log	{"log":"  % Total    % Received % Xferd  Average Speed   Time    Time     Time  Current\n","stream":"stderr","host_param":"c139c4a70a31"}
1970-01-01T00:33:42+00:00	docker.log	{"log":"                                 Dload  Upload   Total   Spent    Left  Speed\n","stream":"stderr","host_param":"c139c4a70a31"}
1970-01-01T00:33:42+00:00	docker.log	{"log":"\r  0     0    0     0    0     0      0      0 --:--:-- --:--:-- --:--:--     0curl: (6) Could not resolve host: fluentd\n","stream":"stderr","host_param":"c139c4a70a31"}
1970-01-01T00:33:42+00:00	docker.log	{"log":"Sending logs to FluentD\n","stream":"stdout","host_param":"c139c4a70a31"}
1970-01-01T00:33:42+00:00	docker.log	{"log":"  % Total    % Received % Xferd  Average Speed   Time    Time     Time  Current\n","stream":"stderr","host_param":"c139c4a70a31"}
1970-01-01T00:33:42+00:00	docker.log	{"log":"                                 Dload  Upload   Total   Spent    Left  Speed\n","stream":"stderr","host_param":"c139c4a70a31"}
1970-01-01T00:33:42+00:00	docker.log	{"log":"\r  0     0    0     0    0     0      0      0 --:--:-- --:--:-- --:--:--     0curl: (6) Could not resolve host: fluentd\n","stream":"stderr","host_param":"c139c4a70a31"}
1970-01-01T00:33:42+00:00	docker.log	{"log":"Sending logs to FluentD\n","stream":"stdout","host_param":"c139c4a70a31"}
1970-01-01T00:33:42+00:00	docker.log	{"log":"  % Total    % Received % Xferd  Average Speed   Time    Time     Time  Current\n","stream":"stderr","host_param":"c139c4a70a31"}
1970-01-01T00:33:42+00:00	docker.log	{"log":"                                 Dload  Upload   Total   Spent    Left  Speed\n","stream":"stderr","host_param":"c139c4a70a31"}
1970-01-01T00:33:42+00:00	docker.log	{"log":"\r  0     0    0     0    0     0      0      0 --:--:-- --:--:-- --:--:--     0curl: (6) Could not resolve host: fluentd\n","stream":"stderr","host_param":"c139c4a70a31"}
1970-01-01T00:33:42+00:00	docker.log	{"log":"Sending logs to FluentD\n","stream":"stdout","host_param":"c139c4a70a31"}
1970-01-01T00:33:42+00:00	docker.log	{"log":"  % Total    % Received % Xferd  Average Speed   Time    Time     Time  Current\n","stream":"stderr","host_param":"c139c4a70a31"}
1970-01-01T00:33:42+00:00	docker.log	{"log":"                                 Dload  Upload   Total   Spent    Left  Speed\n","stream":"stderr","host_param":"c139c4a70a31"}
1970-01-01T00:33:42+00:00	docker.log	{"log":"\r  0     0    0     0    0     0      0      0 --:--:-- --:--:-- --:--:--     0curl: (6) Could not resolve host: fluentd\n","stream":"stderr","host_param":"c139c4a70a31"}
1970-01-01T00:33:42+00:00	docker.log	{"log":"Sending logs to FluentD\n","stream":"stdout","host_param":"c139c4a70a31"}
1970-01-01T00:33:42+00:00	docker.log	{"log":"  % Total    % Received % Xferd  Average Speed   Time    Time     Time  Current\n","stream":"stderr","host_param":"c139c4a70a31"}
1970-01-01T00:33:42+00:00	docker.log	{"log":"                                 Dload  Upload   Total   Spent    Left  Speed\n","stream":"stderr","host_param":"c139c4a70a31"}
1970-01-01T00:33:42+00:00	docker.log	{"log":"\r  0     0    0     0    0     0      0      0 --:--:-- --:--:-- --:--:--     0curl: (6) Could not resolve host: fluentd\n","stream":"stderr","host_param":"c139c4a70a31"}
1970-01-01T00:33:42+00:00	docker.log	{"log":"Sending logs to FluentD\n","stream":"stdout","host_param":"c139c4a70a31"}
1970-01-01T00:33:42+00:00	docker.log	{"log":"  % Total    % Received % Xferd  Average Speed   Time    Time     Time  Current\n","stream":"stderr","host_param":"c139c4a70a31"}
1970-01-01T00:33:42+00:00	docker.log	{"log":"                                 Dload  Upload   Total   Spent    Left  Speed\n","stream":"stderr","host_param":"c139c4a70a31"}
1970-01-01T00:33:42+00:00	docker.log	{"log":"\r  0     0    0     0    0     0      0      0 --:--:-- --:--:-- --:--:--     0curl: (6) Could not resolve host: fluentd\n","stream":"stderr","host_param":"c139c4a70a31"}
1970-01-01T00:33:42+00:00	docker.log	{"log":"Sending logs to FluentD\n","stream":"stdout","host_param":"c139c4a70a31"}
1970-01-01T00:33:42+00:00	docker.log	{"log":"  % Total    % Received % Xferd  Average Speed   Time    Time     Time  Current\n","stream":"stderr","host_param":"c139c4a70a31"}
1970-01-01T00:33:42+00:00	docker.log	{"log":"                                 Dload  Upload   Total   Spent    Left  Speed\n","stream":"stderr","host_param":"c139c4a70a31"}
1970-01-01T00:33:42+00:00	docker.log	{"log":"\r  0     0    0     0    0     0      0      0 --:--:-- --:--:-- --:--:--     0curl: (6) Could not resolve host: fluentd\n","stream":"stderr","host_param":"c139c4a70a31"}
1970-01-01T00:33:42+00:00	docker.log	{"log":"Sending logs to FluentD\n","stream":"stdout","host_param":"c139c4a70a31"}
1970-01-01T00:33:42+00:00	docker.log	{"log":"  % Total    % Received % Xferd  Average Speed   Time    Time     Time  Current\n","stream":"stderr","host_param":"c139c4a70a31"}
1970-01-01T00:33:42+00:00	docker.log	{"log":"                                 Dload  Upload   Total   Spent    Left  Speed\n","stream":"stderr","host_param":"c139c4a70a31"}
1970-01-01T00:33:42+00:00	docker.log	{"log":"\r  0     0    0     0    0     0      0      0 --:--:-- --:--:-- --:--:--     0curl: (6) Could not resolve host: fluentd\n","stream":"stderr","host_param":"c139c4a70a31"}
1970-01-01T00:33:42+00:00	docker.log	{"log":"Sending logs to FluentD\n","stream":"stdout","host_param":"c139c4a70a31"}
1970-01-01T00:33:42+00:00	docker.log	{"log":"  % Total    % Received % Xferd  Average Speed   Time    Time     Time  Current\n","stream":"stderr","host_param":"c139c4a70a31"}
1970-01-01T00:33:42+00:00	docker.log	{"log":"                                 Dload  Upload   Total   Spent    Left  Speed\n","stream":"stderr","host_param":"c139c4a70a31"}
1970-01-01T00:33:42+00:00	docker.log	{"log":"\r  0     0    0     0    0     0      0      0 --:--:-- --:--:-- --:--:--     0curl: (6) Could not resolve host: fluentd\n","stream":"stderr","host_param":"c139c4a70a31"}
1970-01-01T00:33:42+00:00	docker.log	{"log":"Sending logs to FluentD\n","stream":"stdout","host_param":"c139c4a70a31"}
1970-01-01T00:33:42+00:00	docker.log	{"log":"  % Total    % Received % Xferd  Average Speed   Time    Time     Time  Current\n","stream":"stderr","host_param":"c139c4a70a31"}
1970-01-01T00:33:42+00:00	docker.log	{"log":"                                 Dload  Upload   Total   Spent    Left  Speed\n","stream":"stderr","host_param":"c139c4a70a31"}
1970-01-01T00:33:42+00:00	docker.log	{"log":"\r  0     0    0     0    0     0      0      0 --:--:-- --:--:-- --:--:--     0curl: (6) Could not resolve host: fluentd\n","stream":"stderr","host_param":"c139c4a70a31"}
1970-01-01T00:33:42+00:00	docker.log	{"log":"Sending logs to FluentD\n","stream":"stdout","host_param":"c139c4a70a31"}
1970-01-01T00:33:42+00:00	docker.log	{"log":"  % Total    % Received % Xferd  Average Speed   Time    Time     Time  Current\n","stream":"stderr","host_param":"c139c4a70a31"}
1970-01-01T00:33:42+00:00	docker.log	{"log":"                                 Dload  Upload   Total   Spent    Left  Speed\n","stream":"stderr","host_param":"c139c4a70a31"}
1970-01-01T00:33:42+00:00	docker.log	{"log":"\r  0     0    0     0    0     0      0      0 --:--:-- --:--:-- --:--:--     0curl: (6) Could not resolve host: fluentd\n","stream":"stderr","host_param":"c139c4a70a31"}
1970-01-01T00:33:42+00:00	docker.log	{"log":"Sending logs to FluentD\n","stream":"stdout","host_param":"c139c4a70a31"}
1970-01-01T00:33:42+00:00	docker.log	{"log":"  % Total    % Received % Xferd  Average Speed   Time    Time     Time  Current\n","stream":"stderr","host_param":"c139c4a70a31"}
1970-01-01T00:33:42+00:00	docker.log	{"log":"                                 Dload  Upload   Total   Spent    Left  Speed\n","stream":"stderr","host_param":"c139c4a70a31"}
1970-01-01T00:33:42+00:00	docker.log	{"log":"\r  0     0    0     0    0     0      0      0 --:--:-- --:--:-- --:--:--     0curl: (6) Could not resolve host: fluentd\n","stream":"stderr","host_param":"c139c4a70a31"}
1970-01-01T00:33:42+00:00	docker.log	{"log":"Sending logs to FluentD\n","stream":"stdout","host_param":"c139c4a70a31"}
1970-01-01T00:33:42+00:00	docker.log	{"log":"  % Total    % Received % Xferd  Average Speed   Time    Time     Time  Current\n","stream":"stderr","host_param":"c139c4a70a31"}
1970-01-01T00:33:42+00:00	docker.log	{"log":"                                 Dload  Upload   Total   Spent    Left  Speed\n","stream":"stderr","host_param":"c139c4a70a31"}
1970-01-01T00:33:42+00:00	docker.log	{"log":"\r  0     0    0     0    0     0      0      0 --:--:-- --:--:-- --:--:--     0curl: (6) Could not resolve host: fluentd\n","stream":"stderr","host_param":"c139c4a70a31"}
1970-01-01T00:33:42+00:00	docker.log	{"log":"Sending logs to FluentD\n","stream":"stdout","host_param":"c139c4a70a31"}
1970-01-01T00:33:42+00:00	docker.log	{"log":"  % Total    % Received % Xferd  Average Speed   Time    Time     Time  Current\n","stream":"stderr","host_param":"c139c4a70a31"}
1970-01-01T00:33:42+00:00	docker.log	{"log":"                                 Dload  Upload   Total   Spent    Left  Speed\n","stream":"stderr","host_param":"c139c4a70a31"}
1970-01-01T00:33:42+00:00	docker.log	{"log":"\r  0     0    0     0    0     0      0      0 --:--:-- --:--:-- --:--:--     0curl: (6) Could not resolve host: fluentd\n","stream":"stderr","host_param":"c139c4a70a31"}
1970-01-01T00:33:42+00:00	docker.log	{"log":"Sending logs to FluentD\n","stream":"stdout","host_param":"c139c4a70a31"}
1970-01-01T00:33:42+00:00	docker.log	{"log":"  % Total    % Received % Xferd  Average Speed   Time    Time     Time  Current\n","stream":"stderr","host_param":"c139c4a70a31"}
1970-01-01T00:33:42+00:00	docker.log	{"log":"                                 Dload  Upload   Total   Spent    Left  Speed\n","stream":"stderr","host_param":"c139c4a70a31"}
1970-01-01T00:33:42+00:00	docker.log	{"log":"\r  0     0    0     0    0     0      0      0 --:--:-- --:--:-- --:--:--     0curl: (6) Could not resolve host: fluentd\n","stream":"stderr","host_param":"c139c4a70a31"}
1970-01-01T00:33:42+00:00	docker.log	{"log":"Sending logs to FluentD\n","stream":"stdout","host_param":"c139c4a70a31"}
1970-01-01T00:33:42+00:00	docker.log	{"log":"  % Total    % Received % Xferd  Average Speed   Time    Time     Time  Current\n","stream":"stderr","host_param":"c139c4a70a31"}
1970-01-01T00:33:42+00:00	docker.log	{"log":"                                 Dload  Upload   Total   Spent    Left  Speed\n","stream":"stderr","host_param":"c139c4a70a31"}
1970-01-01T00:33:42+00:00	docker.log	{"log":"\r  0     0    0     0    0     0      0      0 --:--:-- --:--:-- --:--:--     0curl: (6) Could not resolve host: fluentd\n","stream":"stderr","host_param":"c139c4a70a31"}
1970-01-01T00:33:42+00:00	docker.log	{"log":"  % Total    % Received % Xferd  Average Speed   Time    Time     Time  Current\n","stream":"stderr","host_param":"c139c4a70a31"}
1970-01-01T00:33:42+00:00	docker.log	{"log":"                                 Dload  Upload   Total   Spent    Left  Speed\n","stream":"stderr","host_param":"c139c4a70a31"}
1970-01-01T00:33:42+00:00	docker.log	{"log":"Sending logs to FluentD\n","stream":"stdout","host_param":"c139c4a70a31"}
1970-01-01T00:33:42+00:00	docker.log	{"log":"\r  0     0    0     0    0     0      0      0 --:--:-- --:--:-- --:--:--     0curl: (6) Could not resolve host: fluentd\n","stream":"stderr","host_param":"c139c4a70a31"}
1970-01-01T00:33:42+00:00	docker.log	{"log":"Sending logs to FluentD\n","stream":"stdout","host_param":"c139c4a70a31"}
1970-01-01T00:33:42+00:00	docker.log	{"log":"  % Total    % Received % Xferd  Average Speed   Time    Time     Time  Current\n","stream":"stderr","host_param":"c139c4a70a31"}
1970-01-01T00:33:42+00:00	docker.log	{"log":"                                 Dload  Upload   Total   Spent    Left  Speed\n","stream":"stderr","host_param":"c139c4a70a31"}
1970-01-01T00:33:42+00:00	docker.log	{"log":"\r  0     0    0     0    0     0      0      0 --:--:-- --:--:-- --:--:--     0curl: (6) Could not resolve host: fluentd\n","stream":"stderr","host_param":"c139c4a70a31"}
1970-01-01T00:33:42+00:00	docker.log	{"log":"Sending logs to FluentD\n","stream":"stdout","host_param":"c139c4a70a31"}
1970-01-01T00:33:42+00:00	docker.log	{"log":"  % Total    % Received % Xferd  Average Speed   Time    Time     Time  Current\n","stream":"stderr","host_param":"c139c4a70a31"}
1970-01-01T00:33:42+00:00	docker.log	{"log":"                                 Dload  Upload   Total   Spent    Left  Speed\n","stream":"stderr","host_param":"c139c4a70a31"}
1970-01-01T00:33:42+00:00	docker.log	{"log":"\r  0     0    0     0    0     0      0      0 --:--:-- --:--:-- --:--:--     0curl: (6) Could not resolve host: fluentd\n","stream":"stderr","host_param":"c139c4a70a31"}
1970-01-01T00:33:42+00:00	docker.log	{"log":"Sending logs to FluentD\n","stream":"stdout","host_param":"c139c4a70a31"}
1970-01-01T00:33:42+00:00	docker.log	{"log":"  % Total    % Received % Xferd  Average Speed   Time    Time     Time  Current\n","stream":"stderr","host_param":"c139c4a70a31"}
1970-01-01T00:33:42+00:00	docker.log	{"log":"                                 Dload  Upload   Total   Spent    Left  Speed\n","stream":"stderr","host_param":"c139c4a70a31"}
1970-01-01T00:33:42+00:00	docker.log	{"log":"\r  0     0    0     0    0     0      0      0 --:--:-- --:--:-- --:--:--     0curl: (6) Could not resolve host: fluentd\n","stream":"stderr","host_param":"c139c4a70a31"}
1970-01-01T00:33:42+00:00	docker.log	{"log":"Sending logs to FluentD\n","stream":"stdout","host_param":"c139c4a70a31"}
1970-01-01T00:33:42+00:00	docker.log	{"log":"  % Total    % Received % Xferd  Average Speed   Time    Time     Time  Current\n","stream":"stderr","host_param":"c139c4a70a31"}
1970-01-01T00:33:42+00:00	docker.log	{"log":"                                 Dload  Upload   Total   Spent    Left  Speed\n","stream":"stderr","host_param":"c139c4a70a31"}
1970-01-01T00:33:42+00:00	docker.log	{"log":"\r  0     0    0     0    0     0      0      0 --:--:-- --:--:-- --:--:--     0curl: (6) Could not resolve host: fluentd\n","stream":"stderr","host_param":"c139c4a70a31"}
1970-01-01T00:33:42+00:00	docker.log	{"log":"Sending logs to FluentD\n","stream":"stdout","host_param":"c139c4a70a31"}
1970-01-01T00:33:42+00:00	docker.log	{"log":"  % Total    % Received % Xferd  Average Speed   Time    Time     Time  Current\n","stream":"stderr","host_param":"c139c4a70a31"}
1970-01-01T00:33:42+00:00	docker.log	{"log":"                                 Dload  Upload   Total   Spent    Left  Speed\n","stream":"stderr","host_param":"c139c4a70a31"}
1970-01-01T00:33:42+00:00	docker.log	{"log":"\r  0     0    0     0    0     0      0      0 --:--:-- --:--:-- --:--:--     0curl: (6) Could not resolve host: fluentd\n","stream":"stderr","host_param":"c139c4a70a31"}
1970-01-01T00:33:42+00:00	docker.log	{"log":"Sending logs to FluentD\n","stream":"stdout","host_param":"c139c4a70a31"}
1970-01-01T00:33:42+00:00	docker.log	{"log":"  % Total    % Received % Xferd  Average Speed   Time    Time     Time  Current\n","stream":"stderr","host_param":"c139c4a70a31"}
1970-01-01T00:33:42+00:00	docker.log	{"log":"                                 Dload  Upload   Total   Spent    Left  Speed\n","stream":"stderr","host_param":"c139c4a70a31"}
1970-01-01T00:33:42+00:00	docker.log	{"log":"\r  0     0    0     0    0     0      0      0 --:--:-- --:--:-- --:--:--     0curl: (6) Could not resolve host: fluentd\n","stream":"stderr","host_param":"c139c4a70a31"}
1970-01-01T00:33:42+00:00	docker.log	{"log":"Sending logs to FluentD\n","stream":"stdout","host_param":"c139c4a70a31"}
1970-01-01T00:33:42+00:00	docker.log	{"log":"  % Total    % Received % Xferd  Average Speed   Time    Time     Time  Current\n","stream":"stderr","host_param":"c139c4a70a31"}
1970-01-01T00:33:42+00:00	docker.log	{"log":"                                 Dload  Upload   Total   Spent    Left  Speed\n","stream":"stderr","host_param":"c139c4a70a31"}
1970-01-01T00:33:42+00:00	docker.log	{"log":"\r  0     0    0     0    0     0      0      0 --:--:-- --:--:-- --:--:--     0curl: (6) Could not resolve host: fluentd\n","stream":"stderr","host_param":"c139c4a70a31"}
1970-01-01T00:33:42+00:00	docker.log	{"log":"Sending logs to FluentD\n","stream":"stdout","host_param":"c139c4a70a31"}
1970-01-01T00:33:42+00:00	docker.log	{"log":"  % Total    % Received % Xferd  Average Speed   Time    Time     Time  Current\n","stream":"stderr","host_param":"c139c4a70a31"}
1970-01-01T00:33:42+00:00	docker.log	{"log":"                                 Dload  Upload   Total   Spent    Left  Speed\n","stream":"stderr","host_param":"c139c4a70a31"}
1970-01-01T00:33:42+00:00	docker.log	{"log":"\r  0     0    0     0    0     0      0      0 --:--:-- --:--:-- --:--:--     0curl: (6) Could not resolve host: fluentd\n","stream":"stderr","host_param":"c139c4a70a31"}
1970-01-01T00:33:42+00:00	docker.log	{"log":"Sending logs to FluentD\n","stream":"stdout","host_param":"c139c4a70a31"}
1970-01-01T00:33:42+00:00	docker.log	{"log":"  % Total    % Received % Xferd  Average Speed   Time    Time     Time  Current\n","stream":"stderr","host_param":"c139c4a70a31"}
1970-01-01T00:33:42+00:00	docker.log	{"log":"                                 Dload  Upload   Total   Spent    Left  Speed\n","stream":"stderr","host_param":"c139c4a70a31"}
1970-01-01T00:33:42+00:00	docker.log	{"log":"\r  0     0    0     0    0     0      0      0 --:--:-- --:--:-- --:--:--     0curl: (6) Could not resolve host: fluentd\n","stream":"stderr","host_param":"c139c4a70a31"}
1970-01-01T00:33:42+00:00	docker.log	{"log":"Sending logs to FluentD\n","stream":"stdout","host_param":"c139c4a70a31"}
1970-01-01T00:33:42+00:00	docker.log	{"log":"  % Total    % Received % Xferd  Average Speed   Time    Time     Time  Current\n","stream":"stderr","host_param":"c139c4a70a31"}
1970-01-01T00:33:42+00:00	docker.log	{"log":"                                 Dload  Upload   Total   Spent    Left  Speed\n","stream":"stderr","host_param":"c139c4a70a31"}
1970-01-01T00:33:42+00:00	docker.log	{"log":"\r  0     0    0     0    0     0      0      0 --:--:-- --:--:-- --:--:--     0curl: (6) Could not resolve host: fluentd\n","stream":"stderr","host_param":"c139c4a70a31"}
1970-01-01T00:33:42+00:00	docker.log	{"log":"  % Total    % Received % Xferd  Average Speed   Time    Time     Time  Current\n","stream":"stderr","host_param":"c139c4a70a31"}
1970-01-01T00:33:42+00:00	docker.log	{"log":"                                 Dload  Upload   Total   Spent    Left  Speed\n","stream":"stderr","host_param":"c139c4a70a31"}
1970-01-01T00:33:42+00:00	docker.log	{"log":"Sending logs to FluentD\n","stream":"stdout","host_param":"c139c4a70a31"}
1970-01-01T00:33:42+00:00	docker.log	{"log":"\r  0     0    0     0    0     0      0      0 --:--:-- --:--:-- --:--:--     0curl: (6) Could not resolve host: fluentd\n","stream":"stderr","host_param":"c139c4a70a31"}
1970-01-01T00:33:42+00:00	docker.log	{"log":"Sending logs to FluentD\n","stream":"stdout","host_param":"c139c4a70a31"}
1970-01-01T00:33:42+00:00	docker.log	{"log":"  % Total    % Received % Xferd  Average Speed   Time    Time     Time  Current\n","stream":"stderr","host_param":"c139c4a70a31"}
1970-01-01T00:33:42+00:00	docker.log	{"log":"                                 Dload  Upload   Total   Spent    Left  Speed\n","stream":"stderr","host_param":"c139c4a70a31"}
1970-01-01T00:33:42+00:00	docker.log	{"log":"\r  0     0    0     0    0     0      0      0 --:--:-- --:--:-- --:--:--     0curl: (6) Could not resolve host: fluentd\n","stream":"stderr","host_param":"c139c4a70a31"}
1970-01-01T00:33:42+00:00	docker.log	{"log":"Sending logs to FluentD\n","stream":"stdout","host_param":"c139c4a70a31"}
1970-01-01T00:33:42+00:00	docker.log	{"log":"  % Total    % Received % Xferd  Average Speed   Time    Time     Time  Current\n","stream":"stderr","host_param":"c139c4a70a31"}
1970-01-01T00:33:42+00:00	docker.log	{"log":"                                 Dload  Upload   Total   Spent    Left  Speed\n","stream":"stderr","host_param":"c139c4a70a31"}
1970-01-01T00:33:42+00:00	docker.log	{"log":"\r  0     0    0     0    0     0      0      0 --:--:-- --:--:-- --:--:--     0curl: (6) Could not resolve host: fluentd\n","stream":"stderr","host_param":"c139c4a70a31"}
1970-01-01T00:33:42+00:00	docker.log	{"log":"Sending logs to FluentD\n","stream":"stdout","host_param":"c139c4a70a31"}
1970-01-01T00:33:42+00:00	docker.log	{"log":"  % Total    % Received % Xferd  Average Speed   Time    Time     Time  Current\n","stream":"stderr","host_param":"c139c4a70a31"}
1970-01-01T00:33:42+00:00	docker.log	{"log":"                                 Dload  Upload   Total   Spent    Left  Speed\n","stream":"stderr","host_param":"c139c4a70a31"}
1970-01-01T00:33:42+00:00	docker.log	{"log":"\r  0     0    0     0    0     0      0      0 --:--:-- --:--:-- --:--:--     0curl: (6) Could not resolve host: fluentd\n","stream":"stderr","host_param":"c139c4a70a31"}
1970-01-01T00:33:42+00:00	docker.log	{"log":"Sending logs to FluentD\n","stream":"stdout","host_param":"c139c4a70a31"}
1970-01-01T00:33:42+00:00	docker.log	{"log":"  % Total    % Received % Xferd  Average Speed   Time    Time     Time  Current\n","stream":"stderr","host_param":"c139c4a70a31"}
1970-01-01T00:33:42+00:00	docker.log	{"log":"                                 Dload  Upload   Total   Spent    Left  Speed\n","stream":"stderr","host_param":"c139c4a70a31"}
1970-01-01T00:33:42+00:00	docker.log	{"log":"\r  0     0    0     0    0     0      0      0 --:--:-- --:--:-- --:--:--     0curl: (6) Could not resolve host: fluentd\n","stream":"stderr","host_param":"c139c4a70a31"}
1970-01-01T00:33:42+00:00	docker.log	{"log":"Sending logs to FluentD\n","stream":"stdout","host_param":"c139c4a70a31"}
1970-01-01T00:33:42+00:00	docker.log	{"log":"  % Total    % Received % Xferd  Average Speed   Time    Time     Time  Current\n","stream":"stderr","host_param":"c139c4a70a31"}
1970-01-01T00:33:42+00:00	docker.log	{"log":"                                 Dload  Upload   Total   Spent    Left  Speed\n","stream":"stderr","host_param":"c139c4a70a31"}
1970-01-01T00:33:42+00:00	docker.log	{"log":"\r  0     0    0     0    0     0      0      0 --:--:-- --:--:-- --:--:--     0curl: (6) Could not resolve host: fluentd\n","stream":"stderr","host_param":"c139c4a70a31"}
1970-01-01T00:33:42+00:00	docker.log	{"log":"Sending logs to FluentD\n","stream":"stdout","host_param":"c139c4a70a31"}
1970-01-01T00:33:42+00:00	docker.log	{"log":"  % Total    % Received % Xferd  Average Speed   Time    Time     Time  Current\n","stream":"stderr","host_param":"c139c4a70a31"}
1970-01-01T00:33:42+00:00	docker.log	{"log":"                                 Dload  Upload   Total   Spent    Left  Speed\n","stream":"stderr","host_param":"c139c4a70a31"}
1970-01-01T00:33:42+00:00	docker.log	{"log":"\r  0     0    0     0    0     0      0      0 --:--:-- --:--:-- --:--:--     0curl: (6) Could not resolve host: fluentd\n","stream":"stderr","host_param":"c139c4a70a31"}
1970-01-01T00:33:42+00:00	docker.log	{"log":"Sending logs to FluentD\n","stream":"stdout","host_param":"c139c4a70a31"}
1970-01-01T00:33:42+00:00	docker.log	{"log":"  % Total    % Received % Xferd  Average Speed   Time    Time     Time  Current\n","stream":"stderr","host_param":"c139c4a70a31"}
1970-01-01T00:33:42+00:00	docker.log	{"log":"                                 Dload  Upload   Total   Spent    Left  Speed\n","stream":"stderr","host_param":"c139c4a70a31"}
1970-01-01T00:33:42+00:00	docker.log	{"log":"\r  0     0    0     0    0     0      0      0 --:--:-- --:--:-- --:--:--     0curl: (6) Could not resolve host: fluentd\n","stream":"stderr","host_param":"c139c4a70a31"}
1970-01-01T00:33:42+00:00	docker.log	{"log":"Sending logs to FluentD\n","stream":"stdout","host_param":"c139c4a70a31"}
1970-01-01T00:33:42+00:00	docker.log	{"log":"  % Total    % Received % Xferd  Average Speed   Time    Time     Time  Current\n","stream":"stderr","host_param":"c139c4a70a31"}
1970-01-01T00:33:42+00:00	docker.log	{"log":"                                 Dload  Upload   Total   Spent    Left  Speed\n","stream":"stderr","host_param":"c139c4a70a31"}
1970-01-01T00:33:42+00:00	docker.log	{"log":"\r  0     0    0     0    0     0      0      0 --:--:-- --:--:-- --:--:--     0curl: (6) Could not resolve host: fluentd\n","stream":"stderr","host_param":"c139c4a70a31"}
1970-01-01T00:33:42+00:00	docker.log	{"log":"Sending logs to FluentD\n","stream":"stdout","host_param":"c139c4a70a31"}
1970-01-01T00:33:42+00:00	docker.log	{"log":"  % Total    % Received % Xferd  Average Speed   Time    Time     Time  Current\n","stream":"stderr","host_param":"c139c4a70a31"}
1970-01-01T00:33:42+00:00	docker.log	{"log":"                                 Dload  Upload   Total   Spent    Left  Speed\n","stream":"stderr","host_param":"c139c4a70a31"}
1970-01-01T00:33:42+00:00	docker.log	{"log":"\r  0     0    0     0    0     0      0      0 --:--:-- --:--:-- --:--:--     0curl: (6) Could not resolve host: fluentd\n","stream":"stderr","host_param":"c139c4a70a31"}
1970-01-01T00:33:42+00:00	docker.log	{"log":"Sending logs to FluentD\n","stream":"stdout","host_param":"c139c4a70a31"}
1970-01-01T00:33:42+00:00	docker.log	{"log":"  % Total    % Received % Xferd  Average Speed   Time    Time     Time  Current\n","stream":"stderr","host_param":"c139c4a70a31"}
1970-01-01T00:33:42+00:00	docker.log	{"log":"                                 Dload  Upload   Total   Spent    Left  Speed\n","stream":"stderr","host_param":"c139c4a70a31"}
1970-01-01T00:33:42+00:00	docker.log	{"log":"\r  0     0    0     0    0     0      0      0 --:--:-- --:--:-- --:--:--     0curl: (6) Could not resolve host: fluentd\n","stream":"stderr","host_param":"c139c4a70a31"}
1970-01-01T00:33:42+00:00	docker.log	{"log":"Sending logs to FluentD\n","stream":"stdout","host_param":"c139c4a70a31"}
1970-01-01T00:33:42+00:00	docker.log	{"log":"  % Total    % Received % Xferd  Average Speed   Time    Time     Time  Current\n","stream":"stderr","host_param":"c139c4a70a31"}
1970-01-01T00:33:42+00:00	docker.log	{"log":"                                 Dload  Upload   Total   Spent    Left  Speed\n","stream":"stderr","host_param":"c139c4a70a31"}
1970-01-01T00:33:42+00:00	docker.log	{"log":"\r  0     0    0     0    0     0      0      0 --:--:-- --:--:-- --:--:--     0\r  0     0    0     0    0     0      0      0 --:--:--  0:00:01 --:--:--     0\r  0     0    0     0    0     0      0      0 --:--:--  0:00:02 --:--:--     0\r  0     0    0     0    0     0      0      0 --:--:--  0:00:03 --:--:--     0\n","stream":"stderr","host_param":"c139c4a70a31"}
1970-01-01T00:33:42+00:00	docker.log	{"log":"curl: (7) Failed to connect to fluentd port 9880 after 3083 ms: Host is unreachable\n","stream":"stderr","host_param":"c139c4a70a31"}
1970-01-01T00:33:42+00:00	docker.log	{"log":"Sending logs to FluentD\n","stream":"stdout","host_param":"c139c4a70a31"}
1970-01-01T00:33:42+00:00	docker.log	{"log":"  % Total    % Received % Xferd  Average Speed   Time    Time     Time  Current\n","stream":"stderr","host_param":"c139c4a70a31"}
1970-01-01T00:33:42+00:00	docker.log	{"log":"                                 Dload  Upload   Total   Spent    Left  Speed\n","stream":"stderr","host_param":"c139c4a70a31"}
1970-01-01T00:33:42+00:00	docker.log	{"log":"\r  0     0    0     0    0     0      0      0 --:--:-- --:--:-- --:--:--     0curl: (6) Could not resolve host: fluentd\n","stream":"stderr","host_param":"c139c4a70a31"}
1970-01-01T00:33:42+00:00	docker.log	{"log":"Sending logs to FluentD\n","stream":"stdout","host_param":"c139c4a70a31"}
1970-01-01T00:33:42+00:00	docker.log	{"log":"  % Total    % Received % Xferd  Average Speed   Time    Time     Time  Current\n","stream":"stderr","host_param":"c139c4a70a31"}
1970-01-01T00:33:42+00:00	docker.log	{"log":"                                 Dload  Upload   Total   Spent    Left  Speed\n","stream":"stderr","host_param":"c139c4a70a31"}
1970-01-01T00:33:42+00:00	docker.log	{"log":"\r  0     0    0     0    0     0      0      0 --:--:-- --:--:-- --:--:--     0curl: (6) Could not resolve host: fluentd\n","stream":"stderr","host_param":"c139c4a70a31"}
1970-01-01T00:33:42+00:00	docker.log	{"log":"Sending logs to FluentD\n","stream":"stdout","host_param":"c139c4a70a31"}
1970-01-01T00:33:42+00:00	docker.log	{"log":"  % Total    % Received % Xferd  Average Speed   Time    Time     Time  Current\n","stream":"stderr","host_param":"c139c4a70a31"}
1970-01-01T00:33:42+00:00	docker.log	{"log":"                                 Dload  Upload   Total   Spent    Left  Speed\n","stream":"stderr","host_param":"c139c4a70a31"}
1970-01-01T00:33:42+00:00	docker.log	{"log":"\r  0     0    0     0    0     0      0      0 --:--:-- --:--:-- --:--:--     0curl: (6) Could not resolve host: fluentd\n","stream":"stderr","host_param":"c139c4a70a31"}
1970-01-01T00:33:42+00:00	docker.log	{"log":"Sending logs to FluentD\n","stream":"stdout","host_param":"c139c4a70a31"}
1970-01-01T00:33:42+00:00	docker.log	{"log":"  % Total    % Received % Xferd  Average Speed   Time    Time     Time  Current\n","stream":"stderr","host_param":"c139c4a70a31"}
1970-01-01T00:33:42+00:00	docker.log	{"log":"                                 Dload  Upload   Total   Spent    Left  Speed\n","stream":"stderr","host_param":"c139c4a70a31"}
1970-01-01T00:33:42+00:00	docker.log	{"log":"\r  0     0    0     0    0     0      0      0 --:--:-- --:--:-- --:--:--     0curl: (6) Could not resolve host: fluentd\n","stream":"stderr","host_param":"c139c4a70a31"}
1970-01-01T00:33:42+00:00	docker.log	{"log":"Sending logs to FluentD\n","stream":"stdout","host_param":"c139c4a70a31"}
1970-01-01T00:33:42+00:00	docker.log	{"log":"  % Total    % Received % Xferd  Average Speed   Time    Time     Time  Current\n","stream":"stderr","host_param":"c139c4a70a31"}
1970-01-01T00:33:42+00:00	docker.log	{"log":"                                 Dload  Upload   Total   Spent    Left  Speed\n","stream":"stderr","host_param":"c139c4a70a31"}
1970-01-01T00:33:42+00:00	docker.log	{"log":"\r  0     0    0     0    0     0      0      0 --:--:-- --:--:-- --:--:--     0curl: (6) Could not resolve host: fluentd\n","stream":"stderr","host_param":"c139c4a70a31"}
1970-01-01T00:33:42+00:00	docker.log	{"log":"Sending logs to FluentD\n","stream":"stdout","host_param":"c139c4a70a31"}
1970-01-01T00:33:42+00:00	docker.log	{"log":"  % Total    % Received % Xferd  Average Speed   Time    Time     Time  Current\n","stream":"stderr","host_param":"c139c4a70a31"}
1970-01-01T00:33:42+00:00	docker.log	{"log":"                                 Dload  Upload   Total   Spent    Left  Speed\n","stream":"stderr","host_param":"c139c4a70a31"}
1970-01-01T00:33:42+00:00	docker.log	{"log":"\r  0     0    0     0    0     0      0      0 --:--:-- --:--:-- --:--:--     0curl: (6) Could not resolve host: fluentd\n","stream":"stderr","host_param":"c139c4a70a31"}
1970-01-01T00:33:42+00:00	docker.log	{"log":"Sending logs to FluentD\n","stream":"stdout","host_param":"c139c4a70a31"}
1970-01-01T00:33:42+00:00	docker.log	{"log":"  % Total    % Received % Xferd  Average Speed   Time    Time     Time  Current\n","stream":"stderr","host_param":"c139c4a70a31"}
1970-01-01T00:33:42+00:00	docker.log	{"log":"                                 Dload  Upload   Total   Spent    Left  Speed\n","stream":"stderr","host_param":"c139c4a70a31"}
1970-01-01T00:33:42+00:00	docker.log	{"log":"\r  0     0    0     0    0     0      0      0 --:--:-- --:--:-- --:--:--     0curl: (6) Could not resolve host: fluentd\n","stream":"stderr","host_param":"c139c4a70a31"}
1970-01-01T00:33:42+00:00	docker.log	{"log":"Sending logs to FluentD\n","stream":"stdout","host_param":"c139c4a70a31"}
1970-01-01T00:33:42+00:00	docker.log	{"log":"  % Total    % Received % Xferd  Average Speed   Time    Time     Time  Current\n","stream":"stderr","host_param":"c139c4a70a31"}
1970-01-01T00:33:42+00:00	docker.log	{"log":"                                 Dload  Upload   Total   Spent    Left  Speed\n","stream":"stderr","host_param":"c139c4a70a31"}
1970-01-01T00:33:42+00:00	docker.log	{"log":"\r  0     0    0     0    0     0      0      0 --:--:-- --:--:-- --:--:--     0curl: (6) Could not resolve host: fluentd\n","stream":"stderr","host_param":"c139c4a70a31"}
1970-01-01T00:33:42+00:00	docker.log	{"log":"Sending logs to FluentD\n","stream":"stdout","host_param":"c139c4a70a31"}
1970-01-01T00:33:42+00:00	docker.log	{"log":"  % Total    % Received % Xferd  Average Speed   Time    Time     Time  Current\n","stream":"stderr","host_param":"c139c4a70a31"}
1970-01-01T00:33:42+00:00	docker.log	{"log":"                                 Dload  Upload   Total   Spent    Left  Speed\n","stream":"stderr","host_param":"c139c4a70a31"}
1970-01-01T00:33:42+00:00	docker.log	{"log":"\r  0     0    0     0    0     0      0      0 --:--:-- --:--:-- --:--:--     0curl: (6) Could not resolve host: fluentd\n","stream":"stderr","host_param":"c139c4a70a31"}
1970-01-01T00:33:42+00:00	docker.log	{"log":"Sending logs to FluentD\n","stream":"stdout","host_param":"c139c4a70a31"}
1970-01-01T00:33:42+00:00	docker.log	{"log":"  % Total    % Received % Xferd  Average Speed   Time    Time     Time  Current\n","stream":"stderr","host_param":"c139c4a70a31"}
1970-01-01T00:33:42+00:00	docker.log	{"log":"                                 Dload  Upload   Total   Spent    Left  Speed\n","stream":"stderr","host_param":"c139c4a70a31"}
1970-01-01T00:33:42+00:00	docker.log	{"log":"\r  0     0    0     0    0     0      0      0 --:--:-- --:--:-- --:--:--     0curl: (6) Could not resolve host: fluentd\n","stream":"stderr","host_param":"c139c4a70a31"}
1970-01-01T00:33:42+00:00	docker.log	{"log":"Sending logs to FluentD\n","stream":"stdout","host_param":"c139c4a70a31"}
1970-01-01T00:33:42+00:00	docker.log	{"log":"  % Total    % Received % Xferd  Average Speed   Time    Time     Time  Current\n","stream":"stderr","host_param":"c139c4a70a31"}
1970-01-01T00:33:42+00:00	docker.log	{"log":"                                 Dload  Upload   Total   Spent    Left  Speed\n","stream":"stderr","host_param":"c139c4a70a31"}
1970-01-01T00:33:42+00:00	docker.log	{"log":"\r  0     0    0     0    0     0      0      0 --:--:-- --:--:-- --:--:--     0curl: (6) Could not resolve host: fluentd\n","stream":"stderr","host_param":"c139c4a70a31"}
1970-01-01T00:33:42+00:00	docker.log	{"log":"Sending logs to FluentD\n","stream":"stdout","host_param":"c139c4a70a31"}
1970-01-01T00:33:42+00:00	docker.log	{"log":"  % Total    % Received % Xferd  Average Speed   Time    Time     Time  Current\n","stream":"stderr","host_param":"c139c4a70a31"}
1970-01-01T00:33:42+00:00	docker.log	{"log":"                                 Dload  Upload   Total   Spent    Left  Speed\n","stream":"stderr","host_param":"c139c4a70a31"}
1970-01-01T00:33:42+00:00	docker.log	{"log":"\r  0     0    0     0    0     0      0      0 --:--:-- --:--:-- --:--:--     0curl: (6) Could not resolve host: fluentd\n","stream":"stderr","host_param":"c139c4a70a31"}
1970-01-01T00:33:42+00:00	docker.log	{"log":"Sending logs to FluentD\n","stream":"stdout","host_param":"c139c4a70a31"}
1970-01-01T00:33:42+00:00	docker.log	{"log":"  % Total    % Received % Xferd  Average Speed   Time    Time     Time  Current\n","stream":"stderr","host_param":"c139c4a70a31"}
1970-01-01T00:33:42+00:00	docker.log	{"log":"                                 Dload  Upload   Total   Spent    Left  Speed\n","stream":"stderr","host_param":"c139c4a70a31"}
1970-01-01T00:33:42+00:00	docker.log	{"log":"\r  0     0    0     0    0     0      0      0 --:--:-- --:--:-- --:--:--     0curl: (6) Could not resolve host: fluentd\n","stream":"stderr","host_param":"c139c4a70a31"}
1970-01-01T00:33:42+00:00	docker.log	{"log":"Sending logs to FluentD\n","stream":"stdout","host_param":"c139c4a70a31"}
1970-01-01T00:33:42+00:00	docker.log	{"log":"  % Total    % Received % Xferd  Average Speed   Time    Time     Time  Current\n","stream":"stderr","host_param":"c139c4a70a31"}
1970-01-01T00:33:42+00:00	docker.log	{"log":"                                 Dload  Upload   Total   Spent    Left  Speed\n","stream":"stderr","host_param":"c139c4a70a31"}
1970-01-01T00:33:42+00:00	docker.log	{"log":"\r  0     0    0     0    0     0      0      0 --:--:-- --:--:-- --:--:--     0curl: (6) Could not resolve host: fluentd\n","stream":"stderr","host_param":"c139c4a70a31"}
1970-01-01T00:33:42+00:00	docker.log	{"log":"Sending logs to FluentD\n","stream":"stdout","host_param":"c139c4a70a31"}
1970-01-01T00:33:42+00:00	docker.log	{"log":"  % Total    % Received % Xferd  Average Speed   Time    Time     Time  Current\n","stream":"stderr","host_param":"c139c4a70a31"}
1970-01-01T00:33:42+00:00	docker.log	{"log":"                                 Dload  Upload   Total   Spent    Left  Speed\n","stream":"stderr","host_param":"c139c4a70a31"}
1970-01-01T00:33:42+00:00	docker.log	{"log":"\r  0     0    0     0    0     0      0      0 --:--:-- --:--:-- --:--:--     0curl: (6) Could not resolve host: fluentd\n","stream":"stderr","host_param":"c139c4a70a31"}
1970-01-01T00:33:42+00:00	docker.log	{"log":"Sending logs to FluentD\n","stream":"stdout","host_param":"c139c4a70a31"}
1970-01-01T00:33:42+00:00	docker.log	{"log":"  % Total    % Received % Xferd  Average Speed   Time    Time     Time  Current\n","stream":"stderr","host_param":"c139c4a70a31"}
1970-01-01T00:33:42+00:00	docker.log	{"log":"                                 Dload  Upload   Total   Spent    Left  Speed\n","stream":"stderr","host_param":"c139c4a70a31"}
1970-01-01T00:33:42+00:00	docker.log	{"log":"\r  0     0    0     0    0     0      0      0 --:--:-- --:--:-- --:--:--     0curl: (6) Could not resolve host: fluentd\n","stream":"stderr","host_param":"c139c4a70a31"}
1970-01-01T00:33:42+00:00	docker.log	{"log":"Sending logs to FluentD\n","stream":"stdout","host_param":"c139c4a70a31"}
1970-01-01T00:33:42+00:00	docker.log	{"log":"  % Total    % Received % Xferd  Average Speed   Time    Time     Time  Current\n","stream":"stderr","host_param":"c139c4a70a31"}
1970-01-01T00:33:42+00:00	docker.log	{"log":"                                 Dload  Upload   Total   Spent    Left  Speed\n","stream":"stderr","host_param":"c139c4a70a31"}
1970-01-01T00:33:42+00:00	docker.log	{"log":"\r  0     0    0     0    0     0      0      0 --:--:-- --:--:-- --:--:--     0curl: (6) Could not resolve host: fluentd\n","stream":"stderr","host_param":"c139c4a70a31"}
1970-01-01T00:33:42+00:00	docker.log	{"log":"Sending logs to FluentD\n","stream":"stdout","host_param":"c139c4a70a31"}
1970-01-01T00:33:42+00:00	docker.log	{"log":"  % Total    % Received % Xferd  Average Speed   Time    Time     Time  Current\n","stream":"stderr","host_param":"c139c4a70a31"}
1970-01-01T00:33:42+00:00	docker.log	{"log":"                                 Dload  Upload   Total   Spent    Left  Speed\n","stream":"stderr","host_param":"c139c4a70a31"}
1970-01-01T00:33:42+00:00	docker.log	{"log":"\r  0     0    0     0    0     0      0      0 --:--:-- --:--:-- --:--:--     0curl: (6) Could not resolve host: fluentd\n","stream":"stderr","host_param":"c139c4a70a31"}
1970-01-01T00:33:42+00:00	docker.log	{"log":"Sending logs to FluentD\n","stream":"stdout","host_param":"c139c4a70a31"}
1970-01-01T00:33:42+00:00	docker.log	{"log":"  % Total    % Received % Xferd  Average Speed   Time    Time     Time  Current\n","stream":"stderr","host_param":"c139c4a70a31"}
1970-01-01T00:33:42+00:00	docker.log	{"log":"                                 Dload  Upload   Total   Spent    Left  Speed\n","stream":"stderr","host_param":"c139c4a70a31"}
1970-01-01T00:33:42+00:00	docker.log	{"log":"\r  0     0    0     0    0     0      0      0 --:--:-- --:--:-- --:--:--     0curl: (6) Could not resolve host: fluentd\n","stream":"stderr","host_param":"c139c4a70a31"}
1970-01-01T00:33:42+00:00	docker.log	{"log":"Sending logs to FluentD\n","stream":"stdout","host_param":"c139c4a70a31"}
1970-01-01T00:33:42+00:00	docker.log	{"log":"  % Total    % Received % Xferd  Average Speed   Time    Time     Time  Current\n","stream":"stderr","host_param":"c139c4a70a31"}
1970-01-01T00:33:42+00:00	docker.log	{"log":"                                 Dload  Upload   Total   Spent    Left  Speed\n","stream":"stderr","host_param":"c139c4a70a31"}
1970-01-01T00:33:42+00:00	docker.log	{"log":"\r  0     0    0     0    0     0      0      0 --:--:-- --:--:-- --:--:--     0curl: (6) Could not resolve host: fluentd\n","stream":"stderr","host_param":"c139c4a70a31"}
1970-01-01T00:33:42+00:00	docker.log	{"log":"Sending logs to FluentD\n","stream":"stdout","host_param":"c139c4a70a31"}
1970-01-01T00:33:42+00:00	docker.log	{"log":"  % Total    % Received % Xferd  Average Speed   Time    Time     Time  Current\n","stream":"stderr","host_param":"c139c4a70a31"}
1970-01-01T00:33:42+00:00	docker.log	{"log":"                                 Dload  Upload   Total   Spent    Left  Speed\n","stream":"stderr","host_param":"c139c4a70a31"}
1970-01-01T00:33:42+00:00	docker.log	{"log":"\r  0     0    0     0    0     0      0      0 --:--:-- --:--:-- --:--:--     0curl: (6) Could not resolve host: fluentd\n","stream":"stderr","host_param":"c139c4a70a31"}
1970-01-01T00:33:42+00:00	docker.log	{"log":"Sending logs to FluentD\n","stream":"stdout","host_param":"c139c4a70a31"}
1970-01-01T00:33:42+00:00	docker.log	{"log":"  % Total    % Received % Xferd  Average Speed   Time    Time     Time  Current\n","stream":"stderr","host_param":"c139c4a70a31"}
1970-01-01T00:33:42+00:00	docker.log	{"log":"                                 Dload  Upload   Total   Spent    Left  Speed\n","stream":"stderr","host_param":"c139c4a70a31"}
1970-01-01T00:33:42+00:00	docker.log	{"log":"\r  0     0    0     0    0     0      0      0 --:--:-- --:--:-- --:--:--     0curl: (6) Could not resolve host: fluentd\n","stream":"stderr","host_param":"c139c4a70a31"}
1970-01-01T00:33:42+00:00	docker.log	{"log":"Sending logs to FluentD\n","stream":"stdout","host_param":"c139c4a70a31"}
1970-01-01T00:33:42+00:00	docker.log	{"log":"  % Total    % Received % Xferd  Average Speed   Time    Time     Time  Current\n","stream":"stderr","host_param":"c139c4a70a31"}
1970-01-01T00:33:42+00:00	docker.log	{"log":"                                 Dload  Upload   Total   Spent    Left  Speed\n","stream":"stderr","host_param":"c139c4a70a31"}
1970-01-01T00:33:42+00:00	docker.log	{"log":"\r  0     0    0     0    0     0      0      0 --:--:-- --:--:-- --:--:--     0curl: (6) Could not resolve host: fluentd\n","stream":"stderr","host_param":"c139c4a70a31"}
1970-01-01T00:33:42+00:00	docker.log	{"log":"Sending logs to FluentD\n","stream":"stdout","host_param":"c139c4a70a31"}
1970-01-01T00:33:42+00:00	docker.log	{"log":"  % Total    % Received % Xferd  Average Speed   Time    Time     Time  Current\n","stream":"stderr","host_param":"c139c4a70a31"}
1970-01-01T00:33:42+00:00	docker.log	{"log":"                                 Dload  Upload   Total   Spent    Left  Speed\n","stream":"stderr","host_param":"c139c4a70a31"}
1970-01-01T00:33:42+00:00	docker.log	{"log":"\r  0     0    0     0    0     0      0      0 --:--:-- --:--:-- --:--:--     0curl: (6) Could not resolve host: fluentd\n","stream":"stderr","host_param":"c139c4a70a31"}
1970-01-01T00:33:42+00:00	docker.log	{"log":"Sending logs to FluentD\n","stream":"stdout","host_param":"c139c4a70a31"}
1970-01-01T00:33:42+00:00	docker.log	{"log":"  % Total    % Received % Xferd  Average Speed   Time    Time     Time  Current\n","stream":"stderr","host_param":"c139c4a70a31"}
1970-01-01T00:33:42+00:00	docker.log	{"log":"                                 Dload  Upload   Total   Spent    Left  Speed\n","stream":"stderr","host_param":"c139c4a70a31"}
1970-01-01T00:33:42+00:00	docker.log	{"log":"\r  0     0    0     0    0     0      0      0 --:--:-- --:--:-- --:--:--     0curl: (6) Could not resolve host: fluentd\n","stream":"stderr","host_param":"c139c4a70a31"}
1970-01-01T00:33:42+00:00	docker.log	{"log":"Sending logs to FluentD\n","stream":"stdout","host_param":"c139c4a70a31"}
1970-01-01T00:33:42+00:00	docker.log	{"log":"  % Total    % Received % Xferd  Average Speed   Time    Time     Time  Current\n","stream":"stderr","host_param":"c139c4a70a31"}
1970-01-01T00:33:42+00:00	docker.log	{"log":"                                 Dload  Upload   Total   Spent    Left  Speed\n","stream":"stderr","host_param":"c139c4a70a31"}
1970-01-01T00:33:42+00:00	docker.log	{"log":"\r  0     0    0     0    0     0      0      0 --:--:-- --:--:-- --:--:--     0curl: (6) Could not resolve host: fluentd\n","stream":"stderr","host_param":"c139c4a70a31"}
1970-01-01T00:33:42+00:00	docker.log	{"log":"Sending logs to FluentD\n","stream":"stdout","host_param":"c139c4a70a31"}
1970-01-01T00:33:42+00:00	docker.log	{"log":"  % Total    % Received % Xferd  Average Speed   Time    Time     Time  Current\n","stream":"stderr","host_param":"c139c4a70a31"}
1970-01-01T00:33:42+00:00	docker.log	{"log":"                                 Dload  Upload   Total   Spent    Left  Speed\n","stream":"stderr","host_param":"c139c4a70a31"}
1970-01-01T00:33:42+00:00	docker.log	{"log":"\r  0     0    0     0    0     0      0      0 --:--:-- --:--:-- --:--:--     0curl: (6) Could not resolve host: fluentd\n","stream":"stderr","host_param":"c139c4a70a31"}
1970-01-01T00:33:42+00:00	docker.log	{"log":"Sending logs to FluentD\n","stream":"stdout","host_param":"c139c4a70a31"}
1970-01-01T00:33:42+00:00	docker.log	{"log":"  % Total    % Received % Xferd  Average Speed   Time    Time     Time  Current\n","stream":"stderr","host_param":"c139c4a70a31"}
1970-01-01T00:33:42+00:00	docker.log	{"log":"                                 Dload  Upload   Total   Spent    Left  Speed\n","stream":"stderr","host_param":"c139c4a70a31"}
1970-01-01T00:33:42+00:00	docker.log	{"log":"\r  0     0    0     0    0     0      0      0 --:--:-- --:--:-- --:--:--     0curl: (6) Could not resolve host: fluentd\n","stream":"stderr","host_param":"c139c4a70a31"}
1970-01-01T00:33:42+00:00	docker.log	{"log":"Sending logs to FluentD\n","stream":"stdout","host_param":"c139c4a70a31"}
1970-01-01T00:33:42+00:00	docker.log	{"log":"  % Total    % Received % Xferd  Average Speed   Time    Time     Time  Current\n","stream":"stderr","host_param":"c139c4a70a31"}
1970-01-01T00:33:42+00:00	docker.log	{"log":"                                 Dload  Upload   Total   Spent    Left  Speed\n","stream":"stderr","host_param":"c139c4a70a31"}
1970-01-01T00:33:42+00:00	docker.log	{"log":"\r  0     0    0     0    0     0      0      0 --:--:-- --:--:-- --:--:--     0curl: (6) Could not resolve host: fluentd\n","stream":"stderr","host_param":"c139c4a70a31"}
1970-01-01T00:33:42+00:00	docker.log	{"log":"Sending logs to FluentD\n","stream":"stdout","host_param":"c139c4a70a31"}
1970-01-01T00:33:42+00:00	docker.log	{"log":"  % Total    % Received % Xferd  Average Speed   Time    Time     Time  Current\n","stream":"stderr","host_param":"c139c4a70a31"}
1970-01-01T00:33:42+00:00	docker.log	{"log":"                                 Dload  Upload   Total   Spent    Left  Speed\n","stream":"stderr","host_param":"c139c4a70a31"}
1970-01-01T00:33:42+00:00	docker.log	{"log":"\r  0     0    0     0    0     0      0      0 --:--:-- --:--:-- --:--:--     0curl: (6) Could not resolve host: fluentd\n","stream":"stderr","host_param":"c139c4a70a31"}
1970-01-01T00:33:42+00:00	docker.log	{"log":"Sending logs to FluentD\n","stream":"stdout","host_param":"c139c4a70a31"}
1970-01-01T00:33:42+00:00	docker.log	{"log":"  % Total    % Received % Xferd  Average Speed   Time    Time     Time  Current\n","stream":"stderr","host_param":"c139c4a70a31"}
1970-01-01T00:33:42+00:00	docker.log	{"log":"                                 Dload  Upload   Total   Spent    Left  Speed\n","stream":"stderr","host_param":"c139c4a70a31"}
1970-01-01T00:33:42+00:00	docker.log	{"log":"\r  0     0    0     0    0     0      0      0 --:--:-- --:--:-- --:--:--     0curl: (6) Could not resolve host: fluentd\n","stream":"stderr","host_param":"c139c4a70a31"}
1970-01-01T00:33:42+00:00	docker.log	{"log":"Sending logs to FluentD\n","stream":"stdout","host_param":"c139c4a70a31"}
1970-01-01T00:33:42+00:00	docker.log	{"log":"  % Total    % Received % Xferd  Average Speed   Time    Time     Time  Current\n","stream":"stderr","host_param":"c139c4a70a31"}
1970-01-01T00:33:42+00:00	docker.log	{"log":"                                 Dload  Upload   Total   Spent    Left  Speed\n","stream":"stderr","host_param":"c139c4a70a31"}
1970-01-01T00:33:42+00:00	docker.log	{"log":"\r  0     0    0     0    0     0      0      0 --:--:-- --:--:-- --:--:--     0curl: (6) Could not resolve host: fluentd\n","stream":"stderr","host_param":"c139c4a70a31"}
1970-01-01T00:33:42+00:00	docker.log	{"log":"Sending logs to FluentD\n","stream":"stdout","host_param":"c139c4a70a31"}
1970-01-01T00:33:42+00:00	docker.log	{"log":"  % Total    % Received % Xferd  Average Speed   Time    Time     Time  Current\n","stream":"stderr","host_param":"c139c4a70a31"}
1970-01-01T00:33:42+00:00	docker.log	{"log":"                                 Dload  Upload   Total   Spent    Left  Speed\n","stream":"stderr","host_param":"c139c4a70a31"}
1970-01-01T00:33:42+00:00	docker.log	{"log":"\r  0     0    0     0    0     0      0      0 --:--:-- --:--:-- --:--:--     0curl: (6) Could not resolve host: fluentd\n","stream":"stderr","host_param":"c139c4a70a31"}
1970-01-01T00:33:42+00:00	docker.log	{"log":"Sending logs to FluentD\n","stream":"stdout","host_param":"c139c4a70a31"}
1970-01-01T00:33:42+00:00	docker.log	{"log":"  % Total    % Received % Xferd  Average Speed   Time    Time     Time  Current\n","stream":"stderr","host_param":"c139c4a70a31"}
1970-01-01T00:33:42+00:00	docker.log	{"log":"                                 Dload  Upload   Total   Spent    Left  Speed\n","stream":"stderr","host_param":"c139c4a70a31"}
1970-01-01T00:33:42+00:00	docker.log	{"log":"\r  0     0    0     0    0     0      0      0 --:--:-- --:--:-- --:--:--     0curl: (6) Could not resolve host: fluentd\n","stream":"stderr","host_param":"c139c4a70a31"}
1970-01-01T00:33:42+00:00	docker.log	{"log":"Sending logs to FluentD\n","stream":"stdout","host_param":"c139c4a70a31"}
1970-01-01T00:33:42+00:00	docker.log	{"log":"  % Total    % Received % Xferd  Average Speed   Time    Time     Time  Current\n","stream":"stderr","host_param":"c139c4a70a31"}
1970-01-01T00:33:42+00:00	docker.log	{"log":"                                 Dload  Upload   Total   Spent    Left  Speed\n","stream":"stderr","host_param":"c139c4a70a31"}
1970-01-01T00:33:42+00:00	docker.log	{"log":"\r  0     0    0     0    0     0      0      0 --:--:-- --:--:-- --:--:--     0curl: (6) Could not resolve host: fluentd\n","stream":"stderr","host_param":"c139c4a70a31"}
1970-01-01T00:33:42+00:00	docker.log	{"log":"Sending logs to FluentD\n","stream":"stdout","host_param":"c139c4a70a31"}
1970-01-01T00:33:42+00:00	docker.log	{"log":"  % Total    % Received % Xferd  Average Speed   Time    Time     Time  Current\n","stream":"stderr","host_param":"c139c4a70a31"}
1970-01-01T00:33:42+00:00	docker.log	{"log":"                                 Dload  Upload   Total   Spent    Left  Speed\n","stream":"stderr","host_param":"c139c4a70a31"}
1970-01-01T00:33:42+00:00	docker.log	{"log":"\r  0     0    0     0    0     0      0      0 --:--:-- --:--:-- --:--:--     0curl: (6) Could not resolve host: fluentd\n","stream":"stderr","host_param":"c139c4a70a31"}
1970-01-01T00:33:42+00:00	docker.log	{"log":"Sending logs to FluentD\n","stream":"stdout","host_param":"c139c4a70a31"}
1970-01-01T00:33:42+00:00	docker.log	{"log":"  % Total    % Received % Xferd  Average Speed   Time    Time     Time  Current\n","stream":"stderr","host_param":"c139c4a70a31"}
1970-01-01T00:33:42+00:00	docker.log	{"log":"                                 Dload  Upload   Total   Spent    Left  Speed\n","stream":"stderr","host_param":"c139c4a70a31"}
1970-01-01T00:33:42+00:00	docker.log	{"log":"\r  0     0    0     0    0     0      0      0 --:--:-- --:--:-- --:--:--     0curl: (6) Could not resolve host: fluentd\n","stream":"stderr","host_param":"c139c4a70a31"}
1970-01-01T00:33:42+00:00	docker.log	{"log":"Sending logs to FluentD\n","stream":"stdout","host_param":"c139c4a70a31"}
1970-01-01T00:33:42+00:00	docker.log	{"log":"  % Total    % Received % Xferd  Average Speed   Time    Time     Time  Current\n","stream":"stderr","host_param":"c139c4a70a31"}
1970-01-01T00:33:42+00:00	docker.log	{"log":"                                 Dload  Upload   Total   Spent    Left  Speed\n","stream":"stderr","host_param":"c139c4a70a31"}
1970-01-01T00:33:42+00:00	docker.log	{"log":"\r  0     0    0     0    0     0      0      0 --:--:-- --:--:-- --:--:--     0curl: (6) Could not resolve host: fluentd\n","stream":"stderr","host_param":"c139c4a70a31"}
1970-01-01T00:33:42+00:00	docker.log	{"log":"Sending logs to FluentD\n","stream":"stdout","host_param":"c139c4a70a31"}
1970-01-01T00:33:42+00:00	docker.log	{"log":"  % Total    % Received % Xferd  Average Speed   Time    Time     Time  Current\n","stream":"stderr","host_param":"c139c4a70a31"}
1970-01-01T00:33:42+00:00	docker.log	{"log":"                                 Dload  Upload   Total   Spent    Left  Speed\n","stream":"stderr","host_param":"c139c4a70a31"}
1970-01-01T00:33:42+00:00	docker.log	{"log":"\r  0     0    0     0    0     0      0      0 --:--:-- --:--:-- --:--:--     0curl: (6) Could not resolve host: fluentd\n","stream":"stderr","host_param":"c139c4a70a31"}
1970-01-01T00:33:42+00:00	docker.log	{"log":"Sending logs to FluentD\n","stream":"stdout","host_param":"c139c4a70a31"}
1970-01-01T00:33:42+00:00	docker.log	{"log":"  % Total    % Received % Xferd  Average Speed   Time    Time     Time  Current\n","stream":"stderr","host_param":"c139c4a70a31"}
1970-01-01T00:33:42+00:00	docker.log	{"log":"                                 Dload  Upload   Total   Spent    Left  Speed\n","stream":"stderr","host_param":"c139c4a70a31"}
1970-01-01T00:33:42+00:00	docker.log	{"log":"\r  0     0    0     0    0     0      0      0 --:--:-- --:--:-- --:--:--     0curl: (6) Could not resolve host: fluentd\n","stream":"stderr","host_param":"c139c4a70a31"}
1970-01-01T00:33:42+00:00	docker.log	{"log":"Sending logs to FluentD\n","stream":"stdout","host_param":"c139c4a70a31"}
1970-01-01T00:33:42+00:00	docker.log	{"log":"  % Total    % Received % Xferd  Average Speed   Time    Time     Time  Current\n","stream":"stderr","host_param":"c139c4a70a31"}
1970-01-01T00:33:42+00:00	docker.log	{"log":"                                 Dload  Upload   Total   Spent    Left  Speed\n","stream":"stderr","host_param":"c139c4a70a31"}
1970-01-01T00:33:42+00:00	docker.log	{"log":"\r  0     0    0     0    0     0      0      0 --:--:-- --:--:-- --:--:--     0curl: (6) Could not resolve host: fluentd\n","stream":"stderr","host_param":"c139c4a70a31"}
1970-01-01T00:33:42+00:00	docker.log	{"log":"Sending logs to FluentD\n","stream":"stdout","host_param":"c139c4a70a31"}
1970-01-01T00:33:42+00:00	docker.log	{"log":"  % Total    % Received % Xferd  Average Speed   Time    Time     Time  Current\n","stream":"stderr","host_param":"c139c4a70a31"}
1970-01-01T00:33:42+00:00	docker.log	{"log":"                                 Dload  Upload   Total   Spent    Left  Speed\n","stream":"stderr","host_param":"c139c4a70a31"}
1970-01-01T00:33:42+00:00	docker.log	{"log":"\r  0     0    0     0    0     0      0      0 --:--:-- --:--:-- --:--:--     0curl: (6) Could not resolve host: fluentd\n","stream":"stderr","host_param":"c139c4a70a31"}
1970-01-01T00:33:42+00:00	docker.log	{"log":"  % Total    % Received % Xferd  Average Speed   Time    Time     Time  Current\n","stream":"stderr","host_param":"c139c4a70a31"}
1970-01-01T00:33:42+00:00	docker.log	{"log":"                                 Dload  Upload   Total   Spent    Left  Speed\n","stream":"stderr","host_param":"c139c4a70a31"}
1970-01-01T00:33:42+00:00	docker.log	{"log":"Sending logs to FluentD\n","stream":"stdout","host_param":"c139c4a70a31"}
1970-01-01T00:33:42+00:00	docker.log	{"log":"\r  0     0    0     0    0     0      0      0 --:--:-- --:--:-- --:--:--     0curl: (6) Could not resolve host: fluentd\n","stream":"stderr","host_param":"c139c4a70a31"}
1970-01-01T00:33:42+00:00	docker.log	{"log":"Sending logs to FluentD\n","stream":"stdout","host_param":"c139c4a70a31"}
1970-01-01T00:33:42+00:00	docker.log	{"log":"  % Total    % Received % Xferd  Average Speed   Time    Time     Time  Current\n","stream":"stderr","host_param":"c139c4a70a31"}
1970-01-01T00:33:42+00:00	docker.log	{"log":"                                 Dload  Upload   Total   Spent    Left  Speed\n","stream":"stderr","host_param":"c139c4a70a31"}
1970-01-01T00:33:42+00:00	docker.log	{"log":"\r  0     0    0     0    0     0      0      0 --:--:-- --:--:-- --:--:--     0curl: (6) Could not resolve host: fluentd\n","stream":"stderr","host_param":"c139c4a70a31"}
1970-01-01T00:33:42+00:00	docker.log	{"log":"Sending logs to FluentD\n","stream":"stdout","host_param":"c139c4a70a31"}
1970-01-01T00:33:42+00:00	docker.log	{"log":"  % Total    % Received % Xferd  Average Speed   Time    Time     Time  Current\n","stream":"stderr","host_param":"c139c4a70a31"}
1970-01-01T00:33:42+00:00	docker.log	{"log":"                                 Dload  Upload   Total   Spent    Left  Speed\n","stream":"stderr","host_param":"c139c4a70a31"}
1970-01-01T00:33:42+00:00	docker.log	{"log":"\r  0     0    0     0    0     0      0      0 --:--:-- --:--:-- --:--:--     0curl: (6) Could not resolve host: fluentd\n","stream":"stderr","host_param":"c139c4a70a31"}
1970-01-01T00:33:42+00:00	docker.log	{"log":"Sending logs to FluentD\n","stream":"stdout","host_param":"c139c4a70a31"}
1970-01-01T00:33:42+00:00	docker.log	{"log":"  % Total    % Received % Xferd  Average Speed   Time    Time     Time  Current\n","stream":"stderr","host_param":"c139c4a70a31"}
1970-01-01T00:33:42+00:00	docker.log	{"log":"                                 Dload  Upload   Total   Spent    Left  Speed\n","stream":"stderr","host_param":"c139c4a70a31"}
1970-01-01T00:33:42+00:00	docker.log	{"log":"\r  0     0    0     0    0     0      0      0 --:--:-- --:--:-- --:--:--     0curl: (6) Could not resolve host: fluentd\n","stream":"stderr","host_param":"c139c4a70a31"}
1970-01-01T00:33:42+00:00	docker.log	{"log":"Sending logs to FluentD\n","stream":"stdout","host_param":"c139c4a70a31"}
1970-01-01T00:33:42+00:00	docker.log	{"log":"  % Total    % Received % Xferd  Average Speed   Time    Time     Time  Current\n","stream":"stderr","host_param":"c139c4a70a31"}
1970-01-01T00:33:42+00:00	docker.log	{"log":"                                 Dload  Upload   Total   Spent    Left  Speed\n","stream":"stderr","host_param":"c139c4a70a31"}
1970-01-01T00:33:42+00:00	docker.log	{"log":"\r  0     0    0     0    0     0      0      0 --:--:-- --:--:-- --:--:--     0curl: (6) Could not resolve host: fluentd\n","stream":"stderr","host_param":"c139c4a70a31"}
1970-01-01T00:33:42+00:00	docker.log	{"log":"  % Total    % Received % Xferd  Average Speed   Time    Time     Time  Current\n","stream":"stderr","host_param":"c139c4a70a31"}
1970-01-01T00:33:42+00:00	docker.log	{"log":"                                 Dload  Upload   Total   Spent    Left  Speed\n","stream":"stderr","host_param":"c139c4a70a31"}
1970-01-01T00:33:42+00:00	docker.log	{"log":"Sending logs to FluentD\n","stream":"stdout","host_param":"c139c4a70a31"}
1970-01-01T00:33:42+00:00	docker.log	{"log":"\r  0     0    0     0    0     0      0      0 --:--:-- --:--:-- --:--:--     0\r  0     0    0     0    0     0      0      0 --:--:-- --:--:-- --:--:--     0\n","stream":"stderr","host_param":"c139c4a70a31"}
1970-01-01T00:33:42+00:00	docker.log	{"log":"curl: (7) Failed to connect to fluentd port 9880 after 1 ms: Connection refused\n","stream":"stderr","host_param":"c139c4a70a31"}
1970-01-01T00:33:42+00:00	docker.log	{"log":"Sending logs to FluentD\n","stream":"stdout","host_param":"c139c4a70a31"}
1970-01-01T00:33:42+00:00	docker.log	{"log":"  % Total    % Received % Xferd  Average Speed   Time    Time     Time  Current\n","stream":"stderr","host_param":"c139c4a70a31"}
1970-01-01T00:33:42+00:00	docker.log	{"log":"                                 Dload  Upload   Total   Spent    Left  Speed\n","stream":"stderr","host_param":"c139c4a70a31"}
1970-01-01T00:33:42+00:00	docker.log	{"log":"\r  0     0    0     0    0     0      0      0 --:--:-- --:--:-- --:--:--     0\r100    18    0     0  100    18      0   8075 --:--:-- --:--:-- --:--:--  9000\n","stream":"stderr","host_param":"c139c4a70a31"}
1970-01-01T00:33:42+00:00	docker.log	{"log":"writing file\n","stream":"stdout","host_param":"c139c4a70a31"}
1970-01-01T00:33:42+00:00	docker.log	{"log":"Sending logs to FluentD\n","stream":"stdout","host_param":"c139c4a70a31"}
1970-01-01T00:33:42+00:00	docker.log	{"log":"  % Total    % Received % Xferd  Average Speed   Time    Time     Time  Current\n","stream":"stderr","host_param":"c139c4a70a31"}
1970-01-01T00:33:42+00:00	docker.log	{"log":"                                 Dload  Upload   Total   Spent    Left  Speed\n","stream":"stderr","host_param":"c139c4a70a31"}
1970-01-01T00:33:42+00:00	docker.log	{"log":"\r  0     0    0     0    0     0      0      0 --:--:-- --:--:-- --:--:--     0\r100    18    0     0  100    18      0   9890 --:--:-- --:--:-- --:--:-- 18000\n","stream":"stderr","host_param":"c139c4a70a31"}
1970-01-01T00:33:42+00:00	docker.log	{"log":"Sending logs to FluentD\n","stream":"stdout","host_param":"c139c4a70a31"}
1970-01-01T00:33:42+00:00	docker.log	{"log":"  % Total    % Received % Xferd  Average Speed   Time    Time     Time  Current\n","stream":"stderr","host_param":"c139c4a70a31"}
1970-01-01T00:33:42+00:00	docker.log	{"log":"                                 Dload  Upload   Total   Spent    Left  Speed\n","stream":"stderr","host_param":"c139c4a70a31"}
1970-01-01T00:33:42+00:00	docker.log	{"log":"\r  0     0    0     0    0     0      0      0 --:--:-- --:--:-- --:--:--     0\r100    18    0     0  100    18      0  11090 --:--:-- --:--:-- --:--:-- 18000\n","stream":"stderr","host_param":"c139c4a70a31"}
1970-01-01T00:33:42+00:00	docker.log	{"log":"writing file\n","stream":"stdout","host_param":"c139c4a70a31"}
1970-01-01T00:33:42+00:00	docker.log	{"log":"Sending logs to FluentD\n","stream":"stdout","host_param":"c139c4a70a31"}
1970-01-01T00:33:42+00:00	docker.log	{"log":"  % Total    % Received % Xferd  Average Speed   Time    Time     Time  Current\n","stream":"stderr","host_param":"c139c4a70a31"}
1970-01-01T00:33:42+00:00	docker.log	{"log":"                                 Dload  Upload   Total   Spent    Left  Speed\n","stream":"stderr","host_param":"c139c4a70a31"}
1970-01-01T00:33:42+00:00	docker.log	{"log":"\r  0     0    0     0    0     0      0      0 --:--:-- --:--:-- --:--:--     0\r100    18    0     0  100    18      0  11881 --:--:-- --:--:-- --:--:-- 18000\n","stream":"stderr","host_param":"c139c4a70a31"}
1970-01-01T00:33:42+00:00	docker.log	{"log":"Sending logs to FluentD\n","stream":"stdout","host_param":"c139c4a70a31"}
1970-01-01T00:33:42+00:00	docker.log	{"log":"  % Total    % Received % Xferd  Average Speed   Time    Time     Time  Current\n","stream":"stderr","host_param":"c139c4a70a31"}
1970-01-01T00:33:42+00:00	docker.log	{"log":"                                 Dload  Upload   Total   Spent    Left  Speed\n","stream":"stderr","host_param":"c139c4a70a31"}
1970-01-01T00:33:42+00:00	docker.log	{"log":"\r  0     0    0     0    0     0      0      0 --:--:-- --:--:-- --:--:--     0\r100    18    0     0  100    18      0   9360 --:--:-- --:--:-- --:--:-- 18000\n","stream":"stderr","host_param":"c139c4a70a31"}
1970-01-01T00:33:42+00:00	docker.log	{"log":"Sending logs to FluentD\n","stream":"stdout","host_param":"c139c4a70a31"}
1970-01-01T00:33:42+00:00	docker.log	{"log":"  % Total    % Received % Xferd  Average Speed   Time    Time     Time  Current\n","stream":"stderr","host_param":"c139c4a70a31"}
1970-01-01T00:33:42+00:00	docker.log	{"log":"                                 Dload  Upload   Total   Spent    Left  Speed\n","stream":"stderr","host_param":"c139c4a70a31"}
1970-01-01T00:33:42+00:00	docker.log	{"log":"\r  0     0    0     0    0     0      0      0 --:--:-- --:--:-- --:--:--     0\r100    18    0     0  100    18      0  10771 --:--:-- --:--:-- --:--:-- 18000\n","stream":"stderr","host_param":"c139c4a70a31"}
1970-01-01T00:33:42+00:00	docker.log	{"log":"writing file\n","stream":"stdout","host_param":"c139c4a70a31"}
1970-01-01T00:33:42+00:00	docker.log	{"log":"Sending logs to FluentD\n","stream":"stdout","host_param":"c139c4a70a31"}
1970-01-01T00:33:42+00:00	docker.log	{"log":"  % Total    % Received % Xferd  Average Speed   Time    Time     Time  Current\n","stream":"stderr","host_param":"c139c4a70a31"}
1970-01-01T00:33:42+00:00	docker.log	{"log":"                                 Dload  Upload   Total   Spent    Left  Speed\n","stream":"stderr","host_param":"c139c4a70a31"}
1970-01-01T00:33:42+00:00	docker.log	{"log":"\r  0     0    0     0    0     0      0      0 --:--:-- --:--:-- --:--:--     0\r100    18    0     0  100    18      0   9549 --:--:-- --:--:-- --:--:-- 18000\n","stream":"stderr","host_param":"c139c4a70a31"}
1970-01-01T00:33:42+00:00	docker.log	{"log":"Sending logs to FluentD\n","stream":"stdout","host_param":"c139c4a70a31"}
1970-01-01T00:33:42+00:00	docker.log	{"log":"  % Total    % Received % Xferd  Average Speed   Time    Time     Time  Current\n","stream":"stderr","host_param":"c139c4a70a31"}
1970-01-01T00:33:42+00:00	docker.log	{"log":"                                 Dload  Upload   Total   Spent    Left  Speed\n","stream":"stderr","host_param":"c139c4a70a31"}
1970-01-01T00:33:42+00:00	docker.log	{"log":"\r  0     0    0     0    0     0      0      0 --:--:-- --:--:-- --:--:--     0\r100    18    0     0  100    18      0  13513 --:--:-- --:--:-- --:--:-- 18000\n","stream":"stderr","host_param":"c139c4a70a31"}
1970-01-01T00:33:42+00:00	docker.log	{"log":"writing file\n","stream":"stdout","host_param":"c139c4a70a31"}
1970-01-01T00:33:42+00:00	docker.log	{"log":"Sending logs to FluentD\n","stream":"stdout","host_param":"c139c4a70a31"}
1970-01-01T00:33:42+00:00	docker.log	{"log":"  % Total    % Received % Xferd  Average Speed   Time    Time     Time  Current\n","stream":"stderr","host_param":"c139c4a70a31"}
1970-01-01T00:33:42+00:00	docker.log	{"log":"                                 Dload  Upload   Total   Spent    Left  Speed\n","stream":"stderr","host_param":"c139c4a70a31"}
1970-01-01T00:33:42+00:00	docker.log	{"log":"\r  0     0    0     0    0     0      0      0 --:--:-- --:--:-- --:--:--     0\r100    18    0     0  100    18      0  11673 --:--:-- --:--:-- --:--:-- 18000\n","stream":"stderr","host_param":"c139c4a70a31"}
1970-01-01T00:33:42+00:00	docker.log	{"log":"Sending logs to FluentD\n","stream":"stdout","host_param":"c139c4a70a31"}
1970-01-01T00:33:42+00:00	docker.log	{"log":"  % Total    % Received % Xferd  Average Speed   Time    Time     Time  Current\n","stream":"stderr","host_param":"c139c4a70a31"}
1970-01-01T00:33:42+00:00	docker.log	{"log":"                                 Dload  Upload   Total   Spent    Left  Speed\n","stream":"stderr","host_param":"c139c4a70a31"}
1970-01-01T00:33:42+00:00	docker.log	{"log":"\r  0     0    0     0    0     0      0      0 --:--:-- --:--:-- --:--:--     0\r100    18    0     0  100    18      0  10262 --:--:-- --:--:-- --:--:-- 18000\n","stream":"stderr","host_param":"c139c4a70a31"}
1970-01-01T00:33:42+00:00	docker.log	{"log":"Sending logs to FluentD\n","stream":"stdout","host_param":"c139c4a70a31"}
1970-01-01T00:33:42+00:00	docker.log	{"log":"  % Total    % Received % Xferd  Average Speed   Time    Time     Time  Current\n","stream":"stderr","host_param":"c139c4a70a31"}
1970-01-01T00:33:42+00:00	docker.log	{"log":"                                 Dload  Upload   Total   Spent    Left  Speed\n","stream":"stderr","host_param":"c139c4a70a31"}
1970-01-01T00:33:42+00:00	docker.log	{"log":"\r  0     0    0     0    0     0      0      0 --:--:-- --:--:-- --:--:--     0\r100    18    0     0  100    18      0  11299 --:--:-- --:--:-- --:--:-- 18000\n","stream":"stderr","host_param":"c139c4a70a31"}
1970-01-01T00:33:42+00:00	docker.log	{"log":"writing file\n","stream":"stdout","host_param":"c139c4a70a31"}
1970-01-01T00:33:42+00:00	docker.log	{"log":"Sending logs to FluentD\n","stream":"stdout","host_param":"c139c4a70a31"}
1970-01-01T00:33:42+00:00	docker.log	{"log":"  % Total    % Received % Xferd  Average Speed   Time    Time     Time  Current\n","stream":"stderr","host_param":"c139c4a70a31"}
1970-01-01T00:33:42+00:00	docker.log	{"log":"                                 Dload  Upload   Total   Spent    Left  Speed\n","stream":"stderr","host_param":"c139c4a70a31"}
1970-01-01T00:33:42+00:00	docker.log	{"log":"\r  0     0    0     0    0     0      0      0 --:--:-- --:--:-- --:--:--     0\r100    18    0     0  100    18      0   8641 --:--:-- --:--:-- --:--:--  9000\n","stream":"stderr","host_param":"c139c4a70a31"}
1970-01-01T00:33:42+00:00	docker.log	{"log":"Sending logs to FluentD\n","stream":"stdout","host_param":"c139c4a70a31"}
1970-01-01T00:33:42+00:00	docker.log	{"log":"  % Total    % Received % Xferd  Average Speed   Time    Time     Time  Current\n","stream":"stderr","host_param":"c139c4a70a31"}
1970-01-01T00:33:42+00:00	docker.log	{"log":"                                 Dload  Upload   Total   Spent    Left  Speed\n","stream":"stderr","host_param":"c139c4a70a31"}
1970-01-01T00:33:42+00:00	docker.log	{"log":"\r  0     0    0     0    0     0      0      0 --:--:-- --:--:-- --:--:--     0\r100    18    0     0  100    18      0  13953 --:--:-- --:--:-- --:--:-- 18000\n","stream":"stderr","host_param":"c139c4a70a31"}
1970-01-01T00:33:42+00:00	docker.log	{"log":"writing file\n","stream":"stdout","host_param":"c139c4a70a31"}
1970-01-01T00:33:42+00:00	docker.log	{"log":"Sending logs to FluentD\n","stream":"stdout","host_param":"c139c4a70a31"}
1970-01-01T00:33:42+00:00	docker.log	{"log":"  % Total    % Received % Xferd  Average Speed   Time    Time     Time  Current\n","stream":"stderr","host_param":"c139c4a70a31"}
1970-01-01T00:33:42+00:00	docker.log	{"log":"                                 Dload  Upload   Total   Spent    Left  Speed\n","stream":"stderr","host_param":"c139c4a70a31"}
1970-01-01T00:33:42+00:00	docker.log	{"log":"\r  0     0    0     0    0     0      0      0 --:--:-- --:--:-- --:--:--     0\r100    18    0     0  100    18      0  10428 --:--:-- --:--:-- --:--:-- 18000\n","stream":"stderr","host_param":"c139c4a70a31"}
1970-01-01T00:33:42+00:00	docker.log	{"log":"Sending logs to FluentD\n","stream":"stdout","host_param":"c139c4a70a31"}
1970-01-01T00:33:42+00:00	docker.log	{"log":"  % Total    % Received % Xferd  Average Speed   Time    Time     Time  Current\n","stream":"stderr","host_param":"c139c4a70a31"}
1970-01-01T00:33:42+00:00	docker.log	{"log":"                                 Dload  Upload   Total   Spent    Left  Speed\n","stream":"stderr","host_param":"c139c4a70a31"}
1970-01-01T00:33:42+00:00	docker.log	{"log":"\r  0     0    0     0    0     0      0      0 --:--:-- --:--:-- --:--:--     0\r100    18    0     0  100    18      0  13698 --:--:-- --:--:-- --:--:-- 18000\n","stream":"stderr","host_param":"c139c4a70a31"}
1970-01-01T00:33:42+00:00	docker.log	{"log":"Sending logs to FluentD\n","stream":"stdout","host_param":"c139c4a70a31"}
1970-01-01T00:33:42+00:00	docker.log	{"log":"  % Total    % Received % Xferd  Average Speed   Time    Time     Time  Current\n","stream":"stderr","host_param":"c139c4a70a31"}
1970-01-01T00:33:42+00:00	docker.log	{"log":"                                 Dload  Upload   Total   Spent    Left  Speed\n","stream":"stderr","host_param":"c139c4a70a31"}
1970-01-01T00:33:42+00:00	docker.log	{"log":"\r  0     0    0     0    0     0      0      0 --:--:-- --:--:-- --:--:--     0\r100    18    0     0  100    18      0   9174 --:--:-- --:--:-- --:--:-- 18000\n","stream":"stderr","host_param":"c139c4a70a31"}
1970-01-01T00:33:42+00:00	docker.log	{"log":"writing file\n","stream":"stdout","host_param":"c139c4a70a31"}
1970-01-01T00:33:42+00:00	docker.log	{"log":"Sending logs to FluentD\n","stream":"stdout","host_param":"c139c4a70a31"}
1970-01-01T00:33:42+00:00	docker.log	{"log":"  % Total    % Received % Xferd  Average Speed   Time    Time     Time  Current\n","stream":"stderr","host_param":"c139c4a70a31"}
1970-01-01T00:33:42+00:00	docker.log	{"log":"                                 Dload  Upload   Total   Spent    Left  Speed\n","stream":"stderr","host_param":"c139c4a70a31"}
1970-01-01T00:33:42+00:00	docker.log	{"log":"\r  0     0    0     0    0     0      0      0 --:--:-- --:--:-- --:--:--     0\r100    18    0     0  100    18      0   9197 --:--:-- --:--:-- --:--:-- 18000\n","stream":"stderr","host_param":"c139c4a70a31"}
1970-01-01T00:33:42+00:00	docker.log	{"log":"Sending logs to FluentD\n","stream":"stdout","host_param":"c139c4a70a31"}
1970-01-01T00:33:42+00:00	docker.log	{"log":"  % Total    % Received % Xferd  Average Speed   Time    Time     Time  Current\n","stream":"stderr","host_param":"c139c4a70a31"}
1970-01-01T00:33:42+00:00	docker.log	{"log":"                                 Dload  Upload   Total   Spent    Left  Speed\n","stream":"stderr","host_param":"c139c4a70a31"}
1970-01-01T00:33:42+00:00	docker.log	{"log":"\r  0     0    0     0    0     0      0      0 --:--:-- --:--:-- --:--:--     0\r100    18    0     0  100    18      0   9745 --:--:-- --:--:-- --:--:-- 18000\n","stream":"stderr","host_param":"c139c4a70a31"}
1970-01-01T00:33:42+00:00	docker.log	{"log":"writing file\n","stream":"stdout","host_param":"c139c4a70a31"}
1970-01-01T00:33:42+00:00	docker.log	{"log":"Sending logs to FluentD\n","stream":"stdout","host_param":"c139c4a70a31"}
1970-01-01T00:33:42+00:00	docker.log	{"log":"  % Total    % Received % Xferd  Average Speed   Time    Time     Time  Current\n","stream":"stderr","host_param":"c139c4a70a31"}
1970-01-01T00:33:42+00:00	docker.log	{"log":"                                 Dload  Upload   Total   Spent    Left  Speed\n","stream":"stderr","host_param":"c139c4a70a31"}
1970-01-01T00:33:42+00:00	docker.log	{"log":"\r  0     0    0     0    0     0      0      0 --:--:-- --:--:-- --:--:--     0\r100    18    0     0  100    18      0  10404 --:--:-- --:--:-- --:--:-- 18000\n","stream":"stderr","host_param":"c139c4a70a31"}
1970-01-01T00:33:42+00:00	docker.log	{"log":"Sending logs to FluentD\n","stream":"stdout","host_param":"c139c4a70a31"}
1970-01-01T00:33:42+00:00	docker.log	{"log":"  % Total    % Received % Xferd  Average Speed   Time    Time     Time  Current\n","stream":"stderr","host_param":"c139c4a70a31"}
1970-01-01T00:33:42+00:00	docker.log	{"log":"                                 Dload  Upload   Total   Spent    Left  Speed\n","stream":"stderr","host_param":"c139c4a70a31"}
1970-01-01T00:33:42+00:00	docker.log	{"log":"\r  0     0    0     0    0     0      0      0 --:--:-- --:--:-- --:--:--     0\r100    18    0     0  100    18      0  10895 --:--:-- --:--:-- --:--:-- 18000\n","stream":"stderr","host_param":"c139c4a70a31"}
1970-01-01T00:33:42+00:00	docker.log	{"log":"Sending logs to FluentD\n","stream":"stdout","host_param":"c139c4a70a31"}
1970-01-01T00:33:42+00:00	docker.log	{"log":"  % Total    % Received % Xferd  Average Speed   Time    Time     Time  Current\n","stream":"stderr","host_param":"c139c4a70a31"}
1970-01-01T00:33:42+00:00	docker.log	{"log":"                                 Dload  Upload   Total   Spent    Left  Speed\n","stream":"stderr","host_param":"c139c4a70a31"}
1970-01-01T00:33:42+00:00	docker.log	{"log":"\r  0     0    0     0    0     0      0      0 --:--:-- --:--:-- --:--:--     0\r100    18    0     0  100    18      0  10928 --:--:-- --:--:-- --:--:-- 18000\n","stream":"stderr","host_param":"c139c4a70a31"}
1970-01-01T00:33:42+00:00	docker.log	{"log":"writing file\n","stream":"stdout","host_param":"c139c4a70a31"}
1970-01-01T00:33:42+00:00	docker.log	{"log":"Sending logs to FluentD\n","stream":"stdout","host_param":"c139c4a70a31"}
1970-01-01T00:33:42+00:00	docker.log	{"log":"  % Total    % Received % Xferd  Average Speed   Time    Time     Time  Current\n","stream":"stderr","host_param":"c139c4a70a31"}
1970-01-01T00:33:42+00:00	docker.log	{"log":"                                 Dload  Upload   Total   Spent    Left  Speed\n","stream":"stderr","host_param":"c139c4a70a31"}
1970-01-01T00:33:42+00:00	docker.log	{"log":"\r  0     0    0     0    0     0      0      0 --:--:-- --:--:-- --:--:--     0\r100    18    0     0  100    18      0   9375 --:--:-- --:--:-- --:--:-- 18000\n","stream":"stderr","host_param":"c139c4a70a31"}
1970-01-01T00:33:42+00:00	docker.log	{"log":"Sending logs to FluentD\n","stream":"stdout","host_param":"c139c4a70a31"}
1970-01-01T00:33:42+00:00	docker.log	{"log":"  % Total    % Received % Xferd  Average Speed   Time    Time     Time  Current\n","stream":"stderr","host_param":"c139c4a70a31"}
1970-01-01T00:33:42+00:00	docker.log	{"log":"                                 Dload  Upload   Total   Spent    Left  Speed\n","stream":"stderr","host_param":"c139c4a70a31"}
1970-01-01T00:33:42+00:00	docker.log	{"log":"\r  0     0    0     0    0     0      0      0 --:--:-- --:--:-- --:--:--     0\r100    18    0     0  100    18      0   9244 --:--:-- --:--:-- --:--:-- 18000\n","stream":"stderr","host_param":"c139c4a70a31"}
1970-01-01T00:33:42+00:00	docker.log	{"log":"writing file\n","stream":"stdout","host_param":"c139c4a70a31"}
1970-01-01T00:33:42+00:00	docker.log	{"log":"Sending logs to FluentD\n","stream":"stdout","host_param":"c139c4a70a31"}
1970-01-01T00:33:42+00:00	docker.log	{"log":"  % Total    % Received % Xferd  Average Speed   Time    Time     Time  Current\n","stream":"stderr","host_param":"c139c4a70a31"}
1970-01-01T00:33:42+00:00	docker.log	{"log":"                                 Dload  Upload   Total   Spent    Left  Speed\n","stream":"stderr","host_param":"c139c4a70a31"}
1970-01-01T00:33:42+00:00	docker.log	{"log":"\r  0     0    0     0    0     0      0      0 --:--:-- --:--:-- --:--:--     0\r100    18    0     0  100    18      0  11070 --:--:-- --:--:-- --:--:-- 18000\n","stream":"stderr","host_param":"c139c4a70a31"}
1970-01-01T00:33:42+00:00	docker.log	{"log":"Sending logs to FluentD\n","stream":"stdout","host_param":"c139c4a70a31"}
1970-01-01T00:33:42+00:00	docker.log	{"log":"  % Total    % Received % Xferd  Average Speed   Time    Time     Time  Current\n","stream":"stderr","host_param":"c139c4a70a31"}
1970-01-01T00:33:42+00:00	docker.log	{"log":"                                 Dload  Upload   Total   Spent    Left  Speed\n","stream":"stderr","host_param":"c139c4a70a31"}
1970-01-01T00:33:42+00:00	docker.log	{"log":"\r  0     0    0     0    0     0      0      0 --:--:-- --:--:-- --:--:--     0\r100    18    0     0  100    18      0   8973 --:--:-- --:--:-- --:--:-- 18000\n","stream":"stderr","host_param":"c139c4a70a31"}
1970-01-01T00:33:42+00:00	docker.log	{"log":"Sending logs to FluentD\n","stream":"stdout","host_param":"c139c4a70a31"}
1970-01-01T00:33:42+00:00	docker.log	{"log":"  % Total    % Received % Xferd  Average Speed   Time    Time     Time  Current\n","stream":"stderr","host_param":"c139c4a70a31"}
1970-01-01T00:33:42+00:00	docker.log	{"log":"                                 Dload  Upload   Total   Spent    Left  Speed\n","stream":"stderr","host_param":"c139c4a70a31"}
1970-01-01T00:33:42+00:00	docker.log	{"log":"\r  0     0    0     0    0     0      0      0 --:--:-- --:--:-- --:--:--     0\r100    18    0     0  100    18      0  10995 --:--:-- --:--:-- --:--:-- 18000\n","stream":"stderr","host_param":"c139c4a70a31"}
1970-01-01T00:33:42+00:00	docker.log	{"log":"writing file\n","stream":"stdout","host_param":"c139c4a70a31"}
1970-01-01T00:33:42+00:00	docker.log	{"log":"Sending logs to FluentD\n","stream":"stdout","host_param":"c139c4a70a31"}
1970-01-01T00:33:42+00:00	docker.log	{"log":"  % Total    % Received % Xferd  Average Speed   Time    Time     Time  Current\n","stream":"stderr","host_param":"c139c4a70a31"}
1970-01-01T00:33:42+00:00	docker.log	{"log":"                                 Dload  Upload   Total   Spent    Left  Speed\n","stream":"stderr","host_param":"c139c4a70a31"}
1970-01-01T00:33:42+00:00	docker.log	{"log":"\r  0     0    0     0    0     0      0      0 --:--:-- --:--:-- --:--:--     0\r100    18    0     0  100    18      0  12940 --:--:-- --:--:-- --:--:-- 18000\n","stream":"stderr","host_param":"c139c4a70a31"}
